10:51:58.356 INFO  None a.e.s.Slf4jLogger - Slf4jLogger started
10:51:58.368 DEBUG EventStream(akka://ENSIME) a.e.EventStream - logger log1-Slf4jLogger started
10:51:58.372 DEBUG EventStream(akka://ENSIME) a.e.EventStream - Default Loggers started
10:51:58.419 INFO  None o.a.c.v.i.StandardFileSystemManager - Using "/var/folders/hg/pxn2bmjj00vcmxys55tr940h0000gn/T/vfs_cache" as temporary files store.
10:51:58.469 DEBUG akka://ENSIME/system/IO-TCP/selectors/$a/0 a.i.TcpListener - Successfully bound to /127.0.0.1:49946
10:51:58.471 INFO  akka://ENSIME/user/ensime-main/tcp-server o.e.s.t.TCPServer - Bound server on port 49946
10:51:58.478 INFO  None o.e.s.PortUtil$ - creating port file: /Users/katsuya/src/github.com/katsuyan/study/scala/scala_lessons/.ensime_cache/port
10:51:59.286 DEBUG akka://ENSIME/system/IO-TCP/selectors/$a/1 a.i.TcpListener - Successfully bound to /127.0.0.1:49947
10:51:59.289 INFO  akka://ENSIME/user/ensime-main o.e.s.ServerActor - Environment:
10:51:59.289 INFO  akka://ENSIME/user/ensime-main o.e.s.ServerActor -   OS : Mac OS X
10:51:59.289 INFO  akka://ENSIME/user/ensime-main o.e.s.ServerActor -   Java : Java HotSpot(TM) 64-Bit Server VM 25.112-b16, Java(TM) SE Runtime Environment 1.8.0_112-b16
10:51:59.290 INFO  akka://ENSIME/user/ensime-main o.e.s.ServerActor -   Scala version: version 2.11.8
10:51:59.290 INFO  akka://ENSIME/user/ensime-main o.e.s.ServerActor -   Ensime : 1.0.0
10:51:59.290 INFO  akka://ENSIME/user/ensime-main o.e.s.ServerActor -   Built with Scala version: 2.11.8
10:51:59.290 INFO  akka://ENSIME/user/ensime-main o.e.s.ServerActor -   Built with sbt version: 0.13.11
10:51:59.291 INFO  akka://ENSIME/user/ensime-main o.e.s.ServerActor -   Built from git sha: cf6a0453d3a7890b3a711769cee081b497f535b6
10:51:59.291 INFO  akka://ENSIME/user/ensime-main o.e.s.ServerActor -   Built on: 2016-06-25 12:21:53.134
10:51:59.293 INFO  akka://ENSIME/user/ensime-main o.e.s.ServerActor - ENSIME HTTP on /127.0.0.1
10:51:59.293 INFO  None o.e.s.PortUtil$ - creating port file: /Users/katsuya/src/github.com/katsuyan/study/scala/scala_lessons/.ensime_cache/http
10:51:59.313 DEBUG akka://ENSIME/system/IO-TCP/selectors/$a/1 a.i.TcpListener - New connection accepted
10:51:59.380 DEBUG None o.e.f.FileWatchService - init watcher
10:51:59.385 DEBUG None o.e.f.FileWatchService - start a background monitoring thread
10:51:59.386 DEBUG None o.e.f.FileWatchService - start monitoring WatchService events
10:51:59.426 DEBUG None o.e.f.FileWatchService - init watcher
10:51:59.427 DEBUG None o.e.f.FileWatchService - start a background monitoring thread
10:51:59.427 DEBUG None o.e.f.FileWatchService - start monitoring WatchService events
10:51:59.427 DEBUG None o.e.f.FileWatchService - init watcher
10:51:59.427 DEBUG None o.e.f.FileWatchService - start a background monitoring thread
10:51:59.427 DEBUG None o.e.f.FileWatchService - start monitoring WatchService events
10:52:00.057 DEBUG akka://ENSIME/user/$a/1 o.e.s.RequestHandler - ConnectionInfoReq
10:52:00.059 DEBUG akka://ENSIME/user/ensime-main/project o.e.c.Project - received handled message ConnectionInfoReq in state awaitingConnectionInfoReq
10:52:00.063 DEBUG akka://ENSIME/user/$a/1 o.e.s.RequestHandler - received handled message ConnectionInfo(None,EnsimeImplementation(ENSIME),1.0) in state receive
10:52:00.109 DEBUG akka://ENSIME/user/$a/2 o.e.s.RequestHandler - SymbolAtPointReq(Left(/Users/katsuya/src/github.com/katsuyan/study/scala/scala_lessons/src/main/scala/MyApp.scala),97)
10:52:00.398 INFO  None c.z.h.HikariDataSource - HikariCP pool HikariPool-0 is starting.
10:52:00.409 DEBUG akka://ENSIME/user/ensime-main/project o.e.c.Project - received handled message SymbolAtPointReq(Left(/Users/katsuya/src/github.com/katsuyan/study/scala/scala_lessons/src/main/scala/MyApp.scala),97) in state handleRequests
10:52:00.691 DEBUG None o.e.i.SearchService - findStaleFileChecks
10:52:00.696 DEBUG None o.e.i.SearchService - removing 0 stale files from the index
10:52:00.704 DEBUG None o.e.i.SearchService - Indexing bases...
10:52:00.708 DEBUG None o.e.i.SearchService - committing index to disk...
10:52:00.710 DEBUG None o.e.i.SearchService - ...done committing index
10:52:00.711 DEBUG akka://ENSIME/user/ensime-main/project o.e.c.Project - created 0 and removed 0 searchable rows
10:52:00.712 DEBUG akka://ENSIME/user/$a o.e.s.ConnectionHandler - received handled message IndexerReadyEvent
10:52:01.120 DEBUG akka://ENSIME/user/$a/3 o.e.s.RequestHandler - SymbolAtPointReq(Left(/Users/katsuya/src/github.com/katsuyan/study/scala/scala_lessons/src/main/scala/MyApp.scala),46)
10:52:01.120 DEBUG akka://ENSIME/user/ensime-main/project o.e.c.Project - received handled message SymbolAtPointReq(Left(/Users/katsuya/src/github.com/katsuyan/study/scala/scala_lessons/src/main/scala/MyApp.scala),46) in state handleRequests
10:52:01.555 DEBUG akka://ENSIME/user/$a/4 o.e.s.RequestHandler - SymbolAtPointReq(Left(/Users/katsuya/src/github.com/katsuyan/study/scala/scala_lessons/src/main/scala/MyApp.scala),41)
10:52:01.556 DEBUG akka://ENSIME/user/ensime-main/project o.e.c.Project - received handled message SymbolAtPointReq(Left(/Users/katsuya/src/github.com/katsuyan/study/scala/scala_lessons/src/main/scala/MyApp.scala),41) in state handleRequests
10:52:01.956 DEBUG akka://ENSIME/user/$a/5 o.e.s.RequestHandler - SymbolAtPointReq(Left(/Users/katsuya/src/github.com/katsuyan/study/scala/scala_lessons/src/main/scala/MyApp.scala),41)
10:52:01.956 DEBUG akka://ENSIME/user/ensime-main/project o.e.c.Project - received handled message SymbolAtPointReq(Left(/Users/katsuya/src/github.com/katsuyan/study/scala/scala_lessons/src/main/scala/MyApp.scala),41) in state handleRequests
10:52:02.014 DEBUG akka://ENSIME/user/$a o.e.s.ConnectionHandler - received handled message SendBackgroundMessageEvent(Initializing Analyzer. Please wait...,105)
10:52:02.028 DEBUG akka://ENSIME/user/ensime-main/project/scalac o.e.c.Analyzer - received handled message SymbolAtPointReq(Left(/Users/katsuya/src/github.com/katsuyan/study/scala/scala_lessons/src/main/scala/MyApp.scala),97) in state startup
10:52:02.028 DEBUG akka://ENSIME/user/ensime-main/project/scalac o.e.c.Analyzer - received handled message SymbolAtPointReq(Left(/Users/katsuya/src/github.com/katsuyan/study/scala/scala_lessons/src/main/scala/MyApp.scala),46) in state startup
10:52:02.028 DEBUG akka://ENSIME/user/ensime-main/project/scalac o.e.c.Analyzer - received handled message SymbolAtPointReq(Left(/Users/katsuya/src/github.com/katsuyan/study/scala/scala_lessons/src/main/scala/MyApp.scala),41) in state startup
10:52:02.028 DEBUG akka://ENSIME/user/ensime-main/project/scalac o.e.c.Analyzer - received handled message SymbolAtPointReq(Left(/Users/katsuya/src/github.com/katsuyan/study/scala/scala_lessons/src/main/scala/MyApp.scala),41) in state startup
10:52:02.036 DEBUG akka://ENSIME/user/ensime-main/project/scalac o.e.c.Analyzer - received handled message FullTypeCheckCompleteEvent in state startup
10:52:02.036 DEBUG akka://ENSIME/user/$a o.e.s.ConnectionHandler - received handled message AnalyzerReadyEvent
10:52:02.038 DEBUG akka://ENSIME/user/ensime-main/project/scalac o.e.c.Analyzer - received handled message SymbolAtPointReq(Left(/Users/katsuya/src/github.com/katsuyan/study/scala/scala_lessons/src/main/scala/MyApp.scala),97) in state ready
10:52:02.038 DEBUG akka://ENSIME/user/$a o.e.s.ConnectionHandler - received handled message FullTypeCheckCompleteEvent
10:52:02.465 WARN  None o.e.c.RichPresentationCompiler - No definition found. Please report to https://github.com/ensime/ensime-server/issues/492 what you expected for class scala.reflect.internal.Trees$EmptyTree$: EmptyTree
10:52:02.467 DEBUG akka://ENSIME/user/ensime-main/project/scalac o.e.c.Analyzer - received handled message SymbolAtPointReq(Left(/Users/katsuya/src/github.com/katsuyan/study/scala/scala_lessons/src/main/scala/MyApp.scala),46) in state ready
10:52:02.467 DEBUG akka://ENSIME/user/$a/2 o.e.s.RequestHandler - received handled message FalseResponse in state receive
10:52:02.475 DEBUG akka://ENSIME/user/ensime-main/project/scalac o.e.c.Analyzer - received handled message SymbolAtPointReq(Left(/Users/katsuya/src/github.com/katsuyan/study/scala/scala_lessons/src/main/scala/MyApp.scala),41) in state ready
10:52:02.476 DEBUG akka://ENSIME/user/$a/3 o.e.s.RequestHandler - received handled message SymbolInfo(main,main,Some(OffsetSourcePosition(/Users/katsuya/src/github.com/katsuyan/study/scala/scala_lessons/src/main/scala/MyApp.scala,21)),ArrowTypeInfo((Array[String]) => Unit,(scala.Array[java.lang.String]) => scala.Un
10:52:02.479 DEBUG None o.e.c.RichPresentationCompiler - type String ==> scala.Predef$String
10:52:02.516 DEBUG None o.e.c.RichPresentationCompiler - search: scala.Predef$String = Some(FqnSymbol(Some(22676),file:///Users/katsuya/.ivy2/cache/org.scala-lang/scala-library/jars/scala-library-2.11.8.jar,jar:file:///Users/katsuya/.ivy2/cache/org.scala-lang/scala-library/jars/scala-library-2.11.8.jar!/sc
10:52:02.555 DEBUG akka://ENSIME/user/$a o.e.s.ConnectionHandler - received handled message NewScalaNotesEvent(false,List(Note(/Users/katsuya/src/github.com/katsuyan/study/scala/scala_lessons/.ensime_cache/dep-src/source-jars/scala/Predef.scala,Procedure syntax is deprecated. Convert procedure `assert` to method by 
10:52:02.572 DEBUG akka://ENSIME/user/$a o.e.s.ConnectionHandler - received handled message NewScalaNotesEvent(false,List(Note(/Users/katsuya/src/github.com/katsuyan/study/scala/scala_lessons/.ensime_cache/dep-src/source-jars/scala/Predef.scala,Procedure syntax is deprecated. Convert procedure `assert` to method by 
10:52:02.572 DEBUG akka://ENSIME/user/$a o.e.s.ConnectionHandler - received handled message NewScalaNotesEvent(false,List(Note(/Users/katsuya/src/github.com/katsuyan/study/scala/scala_lessons/.ensime_cache/dep-src/source-jars/scala/Predef.scala,Procedure syntax is deprecated. Convert procedure `assume` to method by 
10:52:02.572 DEBUG akka://ENSIME/user/$a o.e.s.ConnectionHandler - received handled message NewScalaNotesEvent(false,List(Note(/Users/katsuya/src/github.com/katsuyan/study/scala/scala_lessons/.ensime_cache/dep-src/source-jars/scala/Predef.scala,Procedure syntax is deprecated. Convert procedure `assume` to method by 
10:52:02.573 DEBUG akka://ENSIME/user/$a o.e.s.ConnectionHandler - received handled message NewScalaNotesEvent(false,List(Note(/Users/katsuya/src/github.com/katsuyan/study/scala/scala_lessons/.ensime_cache/dep-src/source-jars/scala/Predef.scala,Procedure syntax is deprecated. Convert procedure `require` to method by
10:52:02.573 DEBUG akka://ENSIME/user/$a o.e.s.ConnectionHandler - received handled message NewScalaNotesEvent(false,List(Note(/Users/katsuya/src/github.com/katsuyan/study/scala/scala_lessons/.ensime_cache/dep-src/source-jars/scala/Predef.scala,Procedure syntax is deprecated. Convert procedure `require` to method by
10:52:02.595 DEBUG akka://ENSIME/user/$a/6 o.e.s.RequestHandler - SymbolAtPointReq(Left(/Users/katsuya/src/github.com/katsuyan/study/scala/scala_lessons/src/main/scala/MyApp.scala),85)
10:52:02.596 DEBUG akka://ENSIME/user/ensime-main/project o.e.c.Project - received handled message SymbolAtPointReq(Left(/Users/katsuya/src/github.com/katsuyan/study/scala/scala_lessons/src/main/scala/MyApp.scala),85) in state handleRequests
10:52:02.672 DEBUG akka://ENSIME/user/ensime-main/project/scalac o.e.c.Analyzer - received handled message SymbolAtPointReq(Left(/Users/katsuya/src/github.com/katsuyan/study/scala/scala_lessons/src/main/scala/MyApp.scala),41) in state ready
10:52:02.672 DEBUG akka://ENSIME/user/$a/4 o.e.s.RequestHandler - received handled message SymbolInfo(String,String,Some(OffsetSourcePosition(/Users/katsuya/src/github.com/katsuyan/study/scala/scala_lessons/.ensime_cache/dep-src/source-jars/scala/Predef.scala,4476)),BasicTypeInfo(String,Class,java.lang.String,List(
10:52:02.673 DEBUG akka://ENSIME/user/$a o.e.s.ConnectionHandler - received handled message ClearAllScalaNotesEvent
10:52:03.026 DEBUG akka://ENSIME/user/$a/7 o.e.s.RequestHandler - SymbolAtPointReq(Left(/Users/katsuya/src/github.com/katsuyan/study/scala/scala_lessons/src/main/scala/MyApp.scala),86)
10:52:03.026 DEBUG akka://ENSIME/user/ensime-main/project o.e.c.Project - received handled message SymbolAtPointReq(Left(/Users/katsuya/src/github.com/katsuyan/study/scala/scala_lessons/src/main/scala/MyApp.scala),86) in state handleRequests
10:52:03.727 DEBUG akka://ENSIME/user/$a o.e.s.ConnectionHandler - received handled message NewScalaNotesEvent(false,List(Note(/Users/katsuya/src/github.com/katsuyan/study/scala/scala_lessons/.ensime_cache/dep-src/source-jars/scala/Predef.scala,Unused import,NoteWarn,774,831,17,45)))
10:52:03.736 DEBUG akka://ENSIME/user/ensime-main/project/scalac o.e.c.Analyzer - received handled message SymbolAtPointReq(Left(/Users/katsuya/src/github.com/katsuyan/study/scala/scala_lessons/src/main/scala/MyApp.scala),85) in state ready
10:52:03.736 DEBUG akka://ENSIME/user/$a/5 o.e.s.RequestHandler - received handled message SymbolInfo(String,String,Some(OffsetSourcePosition(/Users/katsuya/src/github.com/katsuyan/study/scala/scala_lessons/.ensime_cache/dep-src/source-jars/scala/Predef.scala,4476)),BasicTypeInfo(String,Class,java.lang.String,List(
10:52:03.742 DEBUG None o.e.c.RichPresentationCompiler - method length ==> scala.collection.LinearSeqOptimized.length()I
10:52:03.745 DEBUG None o.e.c.RichPresentationCompiler - search: scala.collection.LinearSeqOptimized.length()I = Some(FqnSymbol(Some(31064),file:///Users/katsuya/.ivy2/cache/org.scala-lang/scala-library/jars/scala-library-2.11.8.jar,jar:file:///Users/katsuya/.ivy2/cache/org.scala-lang/scala-library/jars/sc
10:52:03.753 DEBUG akka://ENSIME/user/$a o.e.s.ConnectionHandler - received handled message NewScalaNotesEvent(false,List(Note(/Users/katsuya/src/github.com/katsuyan/study/scala/scala_lessons/.ensime_cache/dep-src/source-jars/scala/collection/LinearSeqOptimized.scala,Procedure syntax is deprecated. Convert procedure
10:52:03.776 DEBUG akka://ENSIME/user/ensime-main/project/scalac o.e.c.Analyzer - received handled message SymbolAtPointReq(Left(/Users/katsuya/src/github.com/katsuyan/study/scala/scala_lessons/src/main/scala/MyApp.scala),86) in state ready
10:52:03.777 DEBUG akka://ENSIME/user/$a/6 o.e.s.RequestHandler - received handled message SymbolInfo(length,length,Some(OffsetSourcePosition(/Users/katsuya/src/github.com/katsuyan/study/scala/scala_lessons/.ensime_cache/dep-src/source-jars/scala/collection/LinearSeqOptimized.scala,1678)),BasicTypeInfo(Int,Class,sc
10:52:03.777 DEBUG akka://ENSIME/user/$a o.e.s.ConnectionHandler - received handled message ClearAllScalaNotesEvent
10:52:03.978 DEBUG akka://ENSIME/user/$a o.e.s.ConnectionHandler - received handled message NewScalaNotesEvent(false,List(Note(/Users/katsuya/src/github.com/katsuyan/study/scala/scala_lessons/.ensime_cache/dep-src/source-jars/scala/collection/LinearSeqOptimized.scala,Unused import,NoteWarn,560,585,12,16)))
10:52:03.978 DEBUG akka://ENSIME/user/$a o.e.s.ConnectionHandler - received handled message NewScalaNotesEvent(false,List(Note(/Users/katsuya/src/github.com/katsuyan/study/scala/scala_lessons/.ensime_cache/dep-src/source-jars/scala/collection/LinearSeqOptimized.scala,Unused import,NoteWarn,586,607,13,18)))
10:52:03.986 DEBUG akka://ENSIME/user/$a/7 o.e.s.RequestHandler - received handled message SymbolInfo(length,length,Some(OffsetSourcePosition(/Users/katsuya/src/github.com/katsuyan/study/scala/scala_lessons/.ensime_cache/dep-src/source-jars/scala/collection/LinearSeqOptimized.scala,1678)),BasicTypeInfo(Int,Class,sc
10:52:04.970 DEBUG akka://ENSIME/user/$a/8 o.e.s.RequestHandler - SymbolAtPointReq(Left(/Users/katsuya/src/github.com/katsuyan/study/scala/scala_lessons/src/main/scala/MyApp.scala),49)
10:52:04.970 DEBUG akka://ENSIME/user/ensime-main/project o.e.c.Project - received handled message SymbolAtPointReq(Left(/Users/katsuya/src/github.com/katsuyan/study/scala/scala_lessons/src/main/scala/MyApp.scala),49) in state handleRequests
10:52:04.970 DEBUG akka://ENSIME/user/ensime-main/project/scalac o.e.c.Analyzer - received handled message SymbolAtPointReq(Left(/Users/katsuya/src/github.com/katsuyan/study/scala/scala_lessons/src/main/scala/MyApp.scala),49) in state ready
10:52:04.971 DEBUG None o.e.c.RichPresentationCompiler - class Unit ==> scala.Unit
10:52:04.979 DEBUG None o.e.c.RichPresentationCompiler - search: scala.Unit = Some(FqnSymbol(Some(13645),file:///Users/katsuya/.ivy2/cache/org.scala-lang/scala-library/jars/scala-library-2.11.8.jar,jar:file:///Users/katsuya/.ivy2/cache/org.scala-lang/scala-library/jars/scala-library-2.11.8.jar!/scala/Unit.
10:52:04.985 DEBUG akka://ENSIME/user/$a/8 o.e.s.RequestHandler - received handled message SymbolInfo(scala.Unit,Unit,Some(OffsetSourcePosition(/Users/katsuya/src/github.com/katsuyan/study/scala/scala_lessons/.ensime_cache/dep-src/source-jars/scala/Unit.scala,1014)),BasicTypeInfo(Unit,Class,scala.Unit,List(),List()
10:52:06.604 DEBUG akka://ENSIME/user/$a/9 o.e.s.RequestHandler - SymbolAtPointReq(Left(/Users/katsuya/src/github.com/katsuyan/study/scala/scala_lessons/src/main/scala/MyApp.scala),43)
10:52:06.604 DEBUG akka://ENSIME/user/ensime-main/project o.e.c.Project - received handled message SymbolAtPointReq(Left(/Users/katsuya/src/github.com/katsuyan/study/scala/scala_lessons/src/main/scala/MyApp.scala),43) in state handleRequests
10:52:06.604 DEBUG akka://ENSIME/user/ensime-main/project/scalac o.e.c.Analyzer - received handled message SymbolAtPointReq(Left(/Users/katsuya/src/github.com/katsuyan/study/scala/scala_lessons/src/main/scala/MyApp.scala),43) in state ready
10:52:06.605 DEBUG akka://ENSIME/user/$a o.e.s.ConnectionHandler - received handled message ClearAllScalaNotesEvent
10:52:06.625 DEBUG akka://ENSIME/user/$a/9 o.e.s.RequestHandler - received handled message SymbolInfo(String,String,Some(OffsetSourcePosition(/Users/katsuya/src/github.com/katsuyan/study/scala/scala_lessons/.ensime_cache/dep-src/source-jars/scala/Predef.scala,4476)),BasicTypeInfo(String,Class,java.lang.String,List(
10:52:08.101 DEBUG akka://ENSIME/user/$a/10 o.e.s.RequestHandler - SymbolAtPointReq(Left(/Users/katsuya/src/github.com/katsuyan/study/scala/scala_lessons/src/main/scala/MyApp.scala),35)
10:52:08.102 DEBUG akka://ENSIME/user/ensime-main/project o.e.c.Project - received handled message SymbolAtPointReq(Left(/Users/katsuya/src/github.com/katsuyan/study/scala/scala_lessons/src/main/scala/MyApp.scala),35) in state handleRequests
10:52:08.102 DEBUG akka://ENSIME/user/ensime-main/project/scalac o.e.c.Analyzer - received handled message SymbolAtPointReq(Left(/Users/katsuya/src/github.com/katsuyan/study/scala/scala_lessons/src/main/scala/MyApp.scala),35) in state ready
10:52:08.103 DEBUG None o.e.c.RichPresentationCompiler - class Array ==> scala.Array
10:52:08.114 DEBUG None o.e.c.RichPresentationCompiler - search: scala.Array = Some(FqnSymbol(Some(8268),file:///Users/katsuya/.ivy2/cache/org.scala-lang/scala-library/jars/scala-library-2.11.8.jar,jar:file:///Users/katsuya/.ivy2/cache/org.scala-lang/scala-library/jars/scala-library-2.11.8.jar!/scala/Array
10:52:08.122 DEBUG akka://ENSIME/user/$a o.e.s.ConnectionHandler - received handled message NewScalaNotesEvent(false,List(Note(/Users/katsuya/src/github.com/katsuyan/study/scala/scala_lessons/.ensime_cache/dep-src/source-jars/scala/Array.scala,Procedure syntax is deprecated. Convert procedure `slowcopy` to method by
10:52:08.123 DEBUG akka://ENSIME/user/$a o.e.s.ConnectionHandler - received handled message NewScalaNotesEvent(false,List(Note(/Users/katsuya/src/github.com/katsuyan/study/scala/scala_lessons/.ensime_cache/dep-src/source-jars/scala/Array.scala,Procedure syntax is deprecated. Convert procedure `copy` to method by add
10:52:08.141 DEBUG akka://ENSIME/user/$a o.e.s.ConnectionHandler - received handled message NewScalaNotesEvent(false,List(Note(/Users/katsuya/src/github.com/katsuyan/study/scala/scala_lessons/.ensime_cache/dep-src/source-jars/scala/Array.scala,Procedure syntax is deprecated. Convert procedure `update` to method by a
10:52:08.144 DEBUG akka://ENSIME/user/$a/10 o.e.s.RequestHandler - received handled message SymbolInfo(scala.Array[scala.Array.T],Array,Some(OffsetSourcePosition(/Users/katsuya/src/github.com/katsuyan/study/scala/scala_lessons/.ensime_cache/dep-src/source-jars/scala/Array.scala,19801)),BasicTypeInfo(Array[T],Class,s
10:52:10.006 DEBUG akka://ENSIME/user/$a/11 o.e.s.RequestHandler - SymbolAtPointReq(Left(/Users/katsuya/src/github.com/katsuyan/study/scala/scala_lessons/src/main/scala/MyApp.scala),72)
10:52:10.006 DEBUG akka://ENSIME/user/ensime-main/project o.e.c.Project - received handled message SymbolAtPointReq(Left(/Users/katsuya/src/github.com/katsuyan/study/scala/scala_lessons/src/main/scala/MyApp.scala),72) in state handleRequests
10:52:10.006 DEBUG akka://ENSIME/user/ensime-main/project/scalac o.e.c.Analyzer - received handled message SymbolAtPointReq(Left(/Users/katsuya/src/github.com/katsuyan/study/scala/scala_lessons/src/main/scala/MyApp.scala),72) in state ready
10:52:10.007 DEBUG akka://ENSIME/user/$a o.e.s.ConnectionHandler - received handled message ClearAllScalaNotesEvent
10:52:10.512 DEBUG None o.e.c.RichPresentationCompiler - object List ==> scala.collection.immutable.List$
10:52:10.517 DEBUG None o.e.c.RichPresentationCompiler - search: scala.collection.immutable.List$ = Some(FqnSymbol(Some(19769),file:///Users/katsuya/.ivy2/cache/org.scala-lang/scala-library/jars/scala-library-2.11.8.jar,jar:file:///Users/katsuya/.ivy2/cache/org.scala-lang/scala-library/jars/scala-library-2
10:52:10.535 DEBUG akka://ENSIME/user/$a o.e.s.ConnectionHandler - received handled message NewScalaNotesEvent(false,List(Note(/Users/katsuya/src/github.com/katsuyan/study/scala/scala_lessons/.ensime_cache/dep-src/source-jars/scala/collection/immutable/List.scala,Procedure syntax is deprecated. Convert procedure `fo
10:52:10.540 DEBUG akka://ENSIME/user/$a o.e.s.ConnectionHandler - received handled message NewScalaNotesEvent(false,List(Note(/Users/katsuya/src/github.com/katsuyan/study/scala/scala_lessons/.ensime_cache/dep-src/source-jars/scala/collection/immutable/List.scala,Procedure syntax is deprecated. Convert procedure `wr
10:52:10.540 DEBUG akka://ENSIME/user/$a o.e.s.ConnectionHandler - received handled message NewScalaNotesEvent(false,List(Note(/Users/katsuya/src/github.com/katsuyan/study/scala/scala_lessons/.ensime_cache/dep-src/source-jars/scala/collection/immutable/List.scala,Procedure syntax is deprecated. Convert procedure `re
10:52:10.546 DEBUG akka://ENSIME/user/$a/11 o.e.s.RequestHandler - received handled message SymbolInfo(scala.collection.immutable.List,List,Some(OffsetSourcePosition(/Users/katsuya/src/github.com/katsuyan/study/scala/scala_lessons/.ensime_cache/dep-src/source-jars/scala/collection/immutable/List.scala,15453)),BasicT
10:52:11.560 DEBUG akka://ENSIME/user/$a/12 o.e.s.RequestHandler - SymbolAtPointReq(Left(/Users/katsuya/src/github.com/katsuyan/study/scala/scala_lessons/src/main/scala/MyApp.scala),65)
10:52:11.560 DEBUG akka://ENSIME/user/ensime-main/project o.e.c.Project - received handled message SymbolAtPointReq(Left(/Users/katsuya/src/github.com/katsuyan/study/scala/scala_lessons/src/main/scala/MyApp.scala),65) in state handleRequests
10:52:11.560 DEBUG akka://ENSIME/user/ensime-main/project/scalac o.e.c.Analyzer - received handled message SymbolAtPointReq(Left(/Users/katsuya/src/github.com/katsuyan/study/scala/scala_lessons/src/main/scala/MyApp.scala),65) in state ready
10:52:11.560 DEBUG akka://ENSIME/user/$a o.e.s.ConnectionHandler - received handled message ClearAllScalaNotesEvent
10:52:11.905 DEBUG akka://ENSIME/user/$a o.e.s.ConnectionHandler - received handled message NewScalaNotesEvent(false,List(Note(/Users/katsuya/src/github.com/katsuyan/study/scala/scala_lessons/.ensime_cache/dep-src/source-jars/scala/collection/immutable/List.scala,Unused import,NoteWarn,4342,4406,92,28)))
10:52:11.906 DEBUG akka://ENSIME/user/$a o.e.s.ConnectionHandler - received handled message NewScalaNotesEvent(false,List(Note(/Users/katsuya/src/github.com/katsuyan/study/scala/scala_lessons/.ensime_cache/dep-src/source-jars/scala/collection/immutable/List.scala,Unused import,NoteWarn,4342,4406,92,38)))
10:52:11.906 DEBUG akka://ENSIME/user/$a o.e.s.ConnectionHandler - received handled message NewScalaNotesEvent(false,List(Note(/Users/katsuya/src/github.com/katsuyan/study/scala/scala_lessons/.ensime_cache/dep-src/source-jars/scala/collection/immutable/List.scala,Unused import,NoteWarn,4342,4406,92,51)))
10:52:11.906 DEBUG akka://ENSIME/user/$a o.e.s.ConnectionHandler - received handled message NewScalaNotesEvent(false,List(Note(/Users/katsuya/src/github.com/katsuyan/study/scala/scala_lessons/.ensime_cache/dep-src/source-jars/scala/collection/immutable/List.scala,Unused import,NoteWarn,4342,4406,92,56)))
10:52:11.911 DEBUG akka://ENSIME/user/$a/12 o.e.s.RequestHandler - received handled message SymbolInfo(println,println,Some(OffsetSourcePosition(/Users/katsuya/src/github.com/katsuyan/study/scala/scala_lessons/.ensime_cache/dep-src/source-jars/scala/Predef.scala,15571)),ArrowTypeInfo((Any) => Unit,(scala.Any) => sca
10:52:14.054 DEBUG akka://ENSIME/user/$a/13 o.e.s.RequestHandler - SymbolAtPointReq(Left(/Users/katsuya/src/github.com/katsuyan/study/scala/scala_lessons/src/main/scala/MyApp.scala),23)
10:52:14.054 DEBUG akka://ENSIME/user/ensime-main/project o.e.c.Project - received handled message SymbolAtPointReq(Left(/Users/katsuya/src/github.com/katsuyan/study/scala/scala_lessons/src/main/scala/MyApp.scala),23) in state handleRequests
10:52:14.054 DEBUG akka://ENSIME/user/ensime-main/project/scalac o.e.c.Analyzer - received handled message SymbolAtPointReq(Left(/Users/katsuya/src/github.com/katsuyan/study/scala/scala_lessons/src/main/scala/MyApp.scala),23) in state ready
10:52:14.055 DEBUG akka://ENSIME/user/$a/13 o.e.s.RequestHandler - received handled message SymbolInfo(main,main,Some(OffsetSourcePosition(/Users/katsuya/src/github.com/katsuyan/study/scala/scala_lessons/src/main/scala/MyApp.scala,21)),ArrowTypeInfo((Array[String]) => Unit,(scala.Array[java.lang.String]) => scala.Un
10:52:16.357 DEBUG akka://ENSIME/user/$a/14 o.e.s.RequestHandler - SymbolAtPointReq(Left(/Users/katsuya/src/github.com/katsuyan/study/scala/scala_lessons/src/main/scala/MyApp.scala),9)
10:52:16.357 DEBUG akka://ENSIME/user/ensime-main/project o.e.c.Project - received handled message SymbolAtPointReq(Left(/Users/katsuya/src/github.com/katsuyan/study/scala/scala_lessons/src/main/scala/MyApp.scala),9) in state handleRequests
10:52:16.357 DEBUG akka://ENSIME/user/ensime-main/project/scalac o.e.c.Analyzer - received handled message SymbolAtPointReq(Left(/Users/katsuya/src/github.com/katsuyan/study/scala/scala_lessons/src/main/scala/MyApp.scala),9) in state ready
10:52:16.358 DEBUG akka://ENSIME/user/$a/14 o.e.s.RequestHandler - received handled message SymbolInfo(MyApp,MyApp,Some(OffsetSourcePosition(/Users/katsuya/src/github.com/katsuyan/study/scala/scala_lessons/src/main/scala/MyApp.scala,7)),BasicTypeInfo(MyApp,Object,MyApp,List(),List(),Some(OffsetSourcePosition(/Users/
10:52:17.675 DEBUG akka://ENSIME/user/$a/15 o.e.s.RequestHandler - SymbolAtPointReq(Left(/Users/katsuya/src/github.com/katsuyan/study/scala/scala_lessons/src/main/scala/MyApp.scala),4)
10:52:17.675 DEBUG akka://ENSIME/user/ensime-main/project o.e.c.Project - received handled message SymbolAtPointReq(Left(/Users/katsuya/src/github.com/katsuyan/study/scala/scala_lessons/src/main/scala/MyApp.scala),4) in state handleRequests
10:52:17.676 DEBUG akka://ENSIME/user/ensime-main/project/scalac o.e.c.Analyzer - received handled message SymbolAtPointReq(Left(/Users/katsuya/src/github.com/katsuyan/study/scala/scala_lessons/src/main/scala/MyApp.scala),4) in state ready
10:52:17.676 DEBUG akka://ENSIME/user/$a/15 o.e.s.RequestHandler - received handled message SymbolInfo(MyApp,MyApp,Some(OffsetSourcePosition(/Users/katsuya/src/github.com/katsuyan/study/scala/scala_lessons/src/main/scala/MyApp.scala,7)),BasicTypeInfo(MyApp,Object,MyApp,List(),List(),Some(OffsetSourcePosition(/Users/
10:52:18.726 DEBUG akka://ENSIME/user/$a/16 o.e.s.RequestHandler - SymbolAtPointReq(Left(/Users/katsuya/src/github.com/katsuyan/study/scala/scala_lessons/src/main/scala/MyApp.scala),96)
10:52:18.726 DEBUG akka://ENSIME/user/ensime-main/project o.e.c.Project - received handled message SymbolAtPointReq(Left(/Users/katsuya/src/github.com/katsuyan/study/scala/scala_lessons/src/main/scala/MyApp.scala),96) in state handleRequests
10:52:18.726 DEBUG akka://ENSIME/user/ensime-main/project/scalac o.e.c.Analyzer - received handled message SymbolAtPointReq(Left(/Users/katsuya/src/github.com/katsuyan/study/scala/scala_lessons/src/main/scala/MyApp.scala),96) in state ready
10:52:18.728 DEBUG akka://ENSIME/user/$a/16 o.e.s.RequestHandler - received handled message SymbolInfo(<local MyApp>,<local MyApp>,Some(OffsetSourcePosition(/Users/katsuya/src/github.com/katsuyan/study/scala/scala_lessons/src/main/scala/MyApp.scala,13)),BasicTypeInfo(<none>,Nil,<none>,List(),List(),None),false) in s
10:52:20.145 DEBUG akka://ENSIME/user/$a/17 o.e.s.RequestHandler - SymbolAtPointReq(Left(/Users/katsuya/src/github.com/katsuyan/study/scala/scala_lessons/src/main/scala/MyApp.scala),96)
10:52:20.146 DEBUG akka://ENSIME/user/ensime-main/project o.e.c.Project - received handled message SymbolAtPointReq(Left(/Users/katsuya/src/github.com/katsuyan/study/scala/scala_lessons/src/main/scala/MyApp.scala),96) in state handleRequests
10:52:20.146 DEBUG akka://ENSIME/user/ensime-main/project/scalac o.e.c.Analyzer - received handled message SymbolAtPointReq(Left(/Users/katsuya/src/github.com/katsuyan/study/scala/scala_lessons/src/main/scala/MyApp.scala),96) in state ready
10:52:20.147 DEBUG akka://ENSIME/user/$a/17 o.e.s.RequestHandler - received handled message SymbolInfo(<local MyApp>,<local MyApp>,Some(OffsetSourcePosition(/Users/katsuya/src/github.com/katsuyan/study/scala/scala_lessons/src/main/scala/MyApp.scala,13)),BasicTypeInfo(<none>,Nil,<none>,List(),List(),None),false) in s
10:52:22.369 DEBUG akka://ENSIME/user/$a/18 o.e.s.RequestHandler - SymbolAtPointReq(Left(/Users/katsuya/src/github.com/katsuyan/study/scala/scala_lessons/src/main/scala/MyApp.scala),22)
10:52:22.370 DEBUG akka://ENSIME/user/ensime-main/project o.e.c.Project - received handled message SymbolAtPointReq(Left(/Users/katsuya/src/github.com/katsuyan/study/scala/scala_lessons/src/main/scala/MyApp.scala),22) in state handleRequests
10:52:22.370 DEBUG akka://ENSIME/user/ensime-main/project/scalac o.e.c.Analyzer - received handled message SymbolAtPointReq(Left(/Users/katsuya/src/github.com/katsuyan/study/scala/scala_lessons/src/main/scala/MyApp.scala),22) in state ready
10:52:22.371 DEBUG akka://ENSIME/user/$a/18 o.e.s.RequestHandler - received handled message SymbolInfo(main,main,Some(OffsetSourcePosition(/Users/katsuya/src/github.com/katsuyan/study/scala/scala_lessons/src/main/scala/MyApp.scala,21)),ArrowTypeInfo((Array[String]) => Unit,(scala.Array[java.lang.String]) => scala.Un
10:52:23.708 DEBUG akka://ENSIME/user/$a/19 o.e.s.RequestHandler - SymbolAtPointReq(Left(/Users/katsuya/src/github.com/katsuyan/study/scala/scala_lessons/src/main/scala/MyApp.scala),94)
10:52:23.709 DEBUG akka://ENSIME/user/ensime-main/project o.e.c.Project - received handled message SymbolAtPointReq(Left(/Users/katsuya/src/github.com/katsuyan/study/scala/scala_lessons/src/main/scala/MyApp.scala),94) in state handleRequests
10:52:23.709 DEBUG akka://ENSIME/user/ensime-main/project/scalac o.e.c.Analyzer - received handled message SymbolAtPointReq(Left(/Users/katsuya/src/github.com/katsuyan/study/scala/scala_lessons/src/main/scala/MyApp.scala),94) in state ready
10:52:23.710 DEBUG akka://ENSIME/user/$a/19 o.e.s.RequestHandler - received handled message SymbolInfo(main,main,Some(OffsetSourcePosition(/Users/katsuya/src/github.com/katsuyan/study/scala/scala_lessons/src/main/scala/MyApp.scala,21)),ArrowTypeInfo((Array[String]) => Unit,(scala.Array[java.lang.String]) => scala.Un
10:52:24.281 DEBUG akka://ENSIME/user/$a/20 o.e.s.RequestHandler - SymbolAtPointReq(Left(/Users/katsuya/src/github.com/katsuyan/study/scala/scala_lessons/src/main/scala/MyApp.scala),94)
10:52:24.282 DEBUG akka://ENSIME/user/ensime-main/project o.e.c.Project - received handled message SymbolAtPointReq(Left(/Users/katsuya/src/github.com/katsuyan/study/scala/scala_lessons/src/main/scala/MyApp.scala),94) in state handleRequests
10:52:24.282 DEBUG akka://ENSIME/user/ensime-main/project/scalac o.e.c.Analyzer - received handled message SymbolAtPointReq(Left(/Users/katsuya/src/github.com/katsuyan/study/scala/scala_lessons/src/main/scala/MyApp.scala),94) in state ready
10:52:24.283 DEBUG akka://ENSIME/user/$a/20 o.e.s.RequestHandler - received handled message SymbolInfo(main,main,Some(OffsetSourcePosition(/Users/katsuya/src/github.com/katsuyan/study/scala/scala_lessons/src/main/scala/MyApp.scala,21)),ArrowTypeInfo((Array[String]) => Unit,(scala.Array[java.lang.String]) => scala.Un
10:52:26.354 DEBUG akka://ENSIME/user/$a/21 o.e.s.RequestHandler - SymbolAtPointReq(Left(/Users/katsuya/src/github.com/katsuyan/study/scala/scala_lessons/src/main/scala/MyApp.scala),97)
10:52:26.354 DEBUG akka://ENSIME/user/ensime-main/project o.e.c.Project - received handled message SymbolAtPointReq(Left(/Users/katsuya/src/github.com/katsuyan/study/scala/scala_lessons/src/main/scala/MyApp.scala),97) in state handleRequests
10:52:26.355 DEBUG akka://ENSIME/user/ensime-main/project/scalac o.e.c.Analyzer - received handled message SymbolAtPointReq(Left(/Users/katsuya/src/github.com/katsuyan/study/scala/scala_lessons/src/main/scala/MyApp.scala),97) in state ready
10:52:26.355 WARN  None o.e.c.RichPresentationCompiler - No definition found. Please report to https://github.com/ensime/ensime-server/issues/492 what you expected for class scala.reflect.internal.Trees$EmptyTree$: EmptyTree
10:52:26.355 DEBUG akka://ENSIME/user/$a/21 o.e.s.RequestHandler - received handled message FalseResponse in state receive
10:52:26.744 DEBUG akka://ENSIME/user/$a/22 o.e.s.RequestHandler - SymbolAtPointReq(Left(/Users/katsuya/src/github.com/katsuyan/study/scala/scala_lessons/src/main/scala/MyApp.scala),97)
10:52:26.744 DEBUG akka://ENSIME/user/ensime-main/project o.e.c.Project - received handled message SymbolAtPointReq(Left(/Users/katsuya/src/github.com/katsuyan/study/scala/scala_lessons/src/main/scala/MyApp.scala),97) in state handleRequests
10:52:26.744 DEBUG akka://ENSIME/user/ensime-main/project/scalac o.e.c.Analyzer - received handled message SymbolAtPointReq(Left(/Users/katsuya/src/github.com/katsuyan/study/scala/scala_lessons/src/main/scala/MyApp.scala),97) in state ready
10:52:26.745 WARN  None o.e.c.RichPresentationCompiler - No definition found. Please report to https://github.com/ensime/ensime-server/issues/492 what you expected for class scala.reflect.internal.Trees$EmptyTree$: EmptyTree
10:52:26.745 DEBUG akka://ENSIME/user/$a/22 o.e.s.RequestHandler - received handled message FalseResponse in state receive
10:52:27.353 DEBUG akka://ENSIME/user/$a/23 o.e.s.RequestHandler - SymbolAtPointReq(Left(/Users/katsuya/src/github.com/katsuyan/study/scala/scala_lessons/src/main/scala/MyApp.scala),97)
10:52:27.353 DEBUG akka://ENSIME/user/ensime-main/project o.e.c.Project - received handled message SymbolAtPointReq(Left(/Users/katsuya/src/github.com/katsuyan/study/scala/scala_lessons/src/main/scala/MyApp.scala),97) in state handleRequests
10:52:27.353 DEBUG akka://ENSIME/user/ensime-main/project/scalac o.e.c.Analyzer - received handled message SymbolAtPointReq(Left(/Users/katsuya/src/github.com/katsuyan/study/scala/scala_lessons/src/main/scala/MyApp.scala),97) in state ready
10:52:27.354 WARN  None o.e.c.RichPresentationCompiler - No definition found. Please report to https://github.com/ensime/ensime-server/issues/492 what you expected for class scala.reflect.internal.Trees$EmptyTree$: EmptyTree
10:52:27.354 DEBUG akka://ENSIME/user/$a/23 o.e.s.RequestHandler - received handled message FalseResponse in state receive
