Configuring base-orphans-0.4.4...
Building base-orphans-0.4.4...
Preprocessing library base-orphans-0.4.4...
[1 of 2] Compiling Data.Orphans.Prelude ( src/Data/Orphans/Prelude.hs, dist/dist-sandbox-5bf6cc0d/build/Data/Orphans/Prelude.o )
[2 of 2] Compiling Data.Orphans     ( src/Data/Orphans.hs, dist/dist-sandbox-5bf6cc0d/build/Data/Orphans.o )
[1 of 2] Compiling Data.Orphans.Prelude ( src/Data/Orphans/Prelude.hs, dist/dist-sandbox-5bf6cc0d/build/Data/Orphans/Prelude.p_o )
[2 of 2] Compiling Data.Orphans     ( src/Data/Orphans.hs, dist/dist-sandbox-5bf6cc0d/build/Data/Orphans.p_o )
In-place registering base-orphans-0.4.4...
Running Haddock for base-orphans-0.4.4...
Preprocessing library base-orphans-0.4.4...
Haddock coverage:
Warning: Data.Orphans.Prelude: Could not find documentation for exported module: OrphansPrelude
 100% (  1 /  1) in 'Data.Orphans.Prelude'
 100% (  1 /  1) in 'Data.Orphans'
Documentation created:
dist/dist-sandbox-5bf6cc0d/doc/html/base-orphans/index.html
Creating package registration file:
/var/folders/jv/m80d3qfn5tz4qyfrtyq42kc00000gn/T/pkgConf-base-orphans-0.4571540977194847408.4
Installing library in
/Users/katsuya/study/Haskell/First/.cabal-sandbox/lib/x86_64-osx-ghc-7.10.2/base-orphans-0.4.4-E55c3OEBLyu45sND7mOuE9
Registering base-orphans-0.4.4...
