Configuring bifunctors-5...
Building bifunctors-5...
Preprocessing library bifunctors-5...
[ 1 of 11] Compiling Data.Bifoldable  ( src/Data/Bifoldable.hs, dist/dist-sandbox-5bf6cc0d/build/Data/Bifoldable.o )
[ 2 of 11] Compiling Data.Bitraversable ( src/Data/Bitraversable.hs, dist/dist-sandbox-5bf6cc0d/build/Data/Bitraversable.o )
[ 3 of 11] Compiling Data.Biapplicative ( src/Data/Biapplicative.hs, dist/dist-sandbox-5bf6cc0d/build/Data/Biapplicative.o )
[ 4 of 11] Compiling Data.Bifunctor.Biff ( src/Data/Bifunctor/Biff.hs, dist/dist-sandbox-5bf6cc0d/build/Data/Bifunctor/Biff.o )

src/Data/Bifunctor/Biff.hs:15:1: Warning:
    The import of ‘Control.Applicative’ is redundant
      except perhaps to import instances from ‘Control.Applicative’
    To import instances alone, use: import Control.Applicative()

src/Data/Bifunctor/Biff.hs:19:1: Warning:
    The import of ‘Data.Foldable’ is redundant
      except perhaps to import instances from ‘Data.Foldable’
    To import instances alone, use: import Data.Foldable()

src/Data/Bifunctor/Biff.hs:20:1: Warning:
    The import of ‘Data.Monoid’ is redundant
      except perhaps to import instances from ‘Data.Monoid’
    To import instances alone, use: import Data.Monoid()

src/Data/Bifunctor/Biff.hs:21:1: Warning:
    The import of ‘Data.Traversable’ is redundant
      except perhaps to import instances from ‘Data.Traversable’
    To import instances alone, use: import Data.Traversable()
[ 5 of 11] Compiling Data.Bifunctor.Clown ( src/Data/Bifunctor/Clown.hs, dist/dist-sandbox-5bf6cc0d/build/Data/Bifunctor/Clown.o )

src/Data/Bifunctor/Clown.hs:17:1: Warning:
    The import of ‘Control.Applicative’ is redundant
      except perhaps to import instances from ‘Control.Applicative’
    To import instances alone, use: import Control.Applicative()

src/Data/Bifunctor/Clown.hs:21:1: Warning:
    The import of ‘Data.Foldable’ is redundant
      except perhaps to import instances from ‘Data.Foldable’
    To import instances alone, use: import Data.Foldable()

src/Data/Bifunctor/Clown.hs:22:1: Warning:
    The import of ‘Data.Monoid’ is redundant
      except perhaps to import instances from ‘Data.Monoid’
    To import instances alone, use: import Data.Monoid()

src/Data/Bifunctor/Clown.hs:23:1: Warning:
    The import of ‘Data.Traversable’ is redundant
      except perhaps to import instances from ‘Data.Traversable’
    To import instances alone, use: import Data.Traversable()
[ 6 of 11] Compiling Data.Bifunctor.Flip ( src/Data/Bifunctor/Flip.hs, dist/dist-sandbox-5bf6cc0d/build/Data/Bifunctor/Flip.o )

src/Data/Bifunctor/Flip.hs:16:1: Warning:
    The import of ‘Control.Applicative’ is redundant
      except perhaps to import instances from ‘Control.Applicative’
    To import instances alone, use: import Control.Applicative()

src/Data/Bifunctor/Flip.hs:20:1: Warning:
    The import of ‘Data.Foldable’ is redundant
      except perhaps to import instances from ‘Data.Foldable’
    To import instances alone, use: import Data.Foldable()

src/Data/Bifunctor/Flip.hs:21:1: Warning:
    The import of ‘Data.Monoid’ is redundant
      except perhaps to import instances from ‘Data.Monoid’
    To import instances alone, use: import Data.Monoid()

src/Data/Bifunctor/Flip.hs:22:1: Warning:
    The import of ‘Data.Traversable’ is redundant
      except perhaps to import instances from ‘Data.Traversable’
    To import instances alone, use: import Data.Traversable()
[ 7 of 11] Compiling Data.Bifunctor.Join ( src/Data/Bifunctor/Join.hs, dist/dist-sandbox-5bf6cc0d/build/Data/Bifunctor/Join.o )

src/Data/Bifunctor/Join.hs:16:1: Warning:
    The import of ‘Control.Applicative’ is redundant
      except perhaps to import instances from ‘Control.Applicative’
    To import instances alone, use: import Control.Applicative()

src/Data/Bifunctor/Join.hs:20:1: Warning:
    The import of ‘Data.Foldable’ is redundant
      except perhaps to import instances from ‘Data.Foldable’
    To import instances alone, use: import Data.Foldable()

src/Data/Bifunctor/Join.hs:21:1: Warning:
    The import of ‘Data.Traversable’ is redundant
      except perhaps to import instances from ‘Data.Traversable’
    To import instances alone, use: import Data.Traversable()
[ 8 of 11] Compiling Data.Bifunctor.Joker ( src/Data/Bifunctor/Joker.hs, dist/dist-sandbox-5bf6cc0d/build/Data/Bifunctor/Joker.o )

src/Data/Bifunctor/Joker.hs:17:1: Warning:
    The import of ‘Control.Applicative’ is redundant
      except perhaps to import instances from ‘Control.Applicative’
    To import instances alone, use: import Control.Applicative()

src/Data/Bifunctor/Joker.hs:21:1: Warning:
    The import of ‘Data.Foldable’ is redundant
      except perhaps to import instances from ‘Data.Foldable’
    To import instances alone, use: import Data.Foldable()

src/Data/Bifunctor/Joker.hs:22:1: Warning:
    The import of ‘Data.Traversable’ is redundant
      except perhaps to import instances from ‘Data.Traversable’
    To import instances alone, use: import Data.Traversable()
[ 9 of 11] Compiling Data.Bifunctor.Product ( src/Data/Bifunctor/Product.hs, dist/dist-sandbox-5bf6cc0d/build/Data/Bifunctor/Product.o )

src/Data/Bifunctor/Product.hs:16:1: Warning:
    The import of ‘Control.Applicative’ is redundant
      except perhaps to import instances from ‘Control.Applicative’
    To import instances alone, use: import Control.Applicative()

src/Data/Bifunctor/Product.hs:20:1: Warning:
    The import of ‘Data.Monoid’ is redundant
      except perhaps to import instances from ‘Data.Monoid’
    To import instances alone, use: import Data.Monoid()
[10 of 11] Compiling Data.Bifunctor.Tannen ( src/Data/Bifunctor/Tannen.hs, dist/dist-sandbox-5bf6cc0d/build/Data/Bifunctor/Tannen.o )

src/Data/Bifunctor/Tannen.hs:15:1: Warning:
    The import of ‘Control.Applicative’ is redundant
      except perhaps to import instances from ‘Control.Applicative’
    To import instances alone, use: import Control.Applicative()

src/Data/Bifunctor/Tannen.hs:19:1: Warning:
    The import of ‘Data.Foldable’ is redundant
      except perhaps to import instances from ‘Data.Foldable’
    To import instances alone, use: import Data.Foldable()

src/Data/Bifunctor/Tannen.hs:20:1: Warning:
    The import of ‘Data.Monoid’ is redundant
      except perhaps to import instances from ‘Data.Monoid’
    To import instances alone, use: import Data.Monoid()

src/Data/Bifunctor/Tannen.hs:21:1: Warning:
    The import of ‘Data.Traversable’ is redundant
      except perhaps to import instances from ‘Data.Traversable’
    To import instances alone, use: import Data.Traversable()
[11 of 11] Compiling Data.Bifunctor.Wrapped ( src/Data/Bifunctor/Wrapped.hs, dist/dist-sandbox-5bf6cc0d/build/Data/Bifunctor/Wrapped.o )

src/Data/Bifunctor/Wrapped.hs:15:1: Warning:
    The import of ‘Control.Applicative’ is redundant
      except perhaps to import instances from ‘Control.Applicative’
    To import instances alone, use: import Control.Applicative()

src/Data/Bifunctor/Wrapped.hs:19:1: Warning:
    The import of ‘Data.Foldable’ is redundant
      except perhaps to import instances from ‘Data.Foldable’
    To import instances alone, use: import Data.Foldable()

src/Data/Bifunctor/Wrapped.hs:20:1: Warning:
    The import of ‘Data.Monoid’ is redundant
      except perhaps to import instances from ‘Data.Monoid’
    To import instances alone, use: import Data.Monoid()

src/Data/Bifunctor/Wrapped.hs:21:1: Warning:
    The import of ‘Data.Traversable’ is redundant
      except perhaps to import instances from ‘Data.Traversable’
    To import instances alone, use: import Data.Traversable()
[ 1 of 11] Compiling Data.Bifoldable  ( src/Data/Bifoldable.hs, dist/dist-sandbox-5bf6cc0d/build/Data/Bifoldable.p_o )
[ 2 of 11] Compiling Data.Bitraversable ( src/Data/Bitraversable.hs, dist/dist-sandbox-5bf6cc0d/build/Data/Bitraversable.p_o )
[ 3 of 11] Compiling Data.Biapplicative ( src/Data/Biapplicative.hs, dist/dist-sandbox-5bf6cc0d/build/Data/Biapplicative.p_o )
[ 4 of 11] Compiling Data.Bifunctor.Biff ( src/Data/Bifunctor/Biff.hs, dist/dist-sandbox-5bf6cc0d/build/Data/Bifunctor/Biff.p_o )

src/Data/Bifunctor/Biff.hs:15:1: Warning:
    The import of ‘Control.Applicative’ is redundant
      except perhaps to import instances from ‘Control.Applicative’
    To import instances alone, use: import Control.Applicative()

src/Data/Bifunctor/Biff.hs:19:1: Warning:
    The import of ‘Data.Foldable’ is redundant
      except perhaps to import instances from ‘Data.Foldable’
    To import instances alone, use: import Data.Foldable()

src/Data/Bifunctor/Biff.hs:20:1: Warning:
    The import of ‘Data.Monoid’ is redundant
      except perhaps to import instances from ‘Data.Monoid’
    To import instances alone, use: import Data.Monoid()

src/Data/Bifunctor/Biff.hs:21:1: Warning:
    The import of ‘Data.Traversable’ is redundant
      except perhaps to import instances from ‘Data.Traversable’
    To import instances alone, use: import Data.Traversable()
[ 5 of 11] Compiling Data.Bifunctor.Clown ( src/Data/Bifunctor/Clown.hs, dist/dist-sandbox-5bf6cc0d/build/Data/Bifunctor/Clown.p_o )

src/Data/Bifunctor/Clown.hs:17:1: Warning:
    The import of ‘Control.Applicative’ is redundant
      except perhaps to import instances from ‘Control.Applicative’
    To import instances alone, use: import Control.Applicative()

src/Data/Bifunctor/Clown.hs:21:1: Warning:
    The import of ‘Data.Foldable’ is redundant
      except perhaps to import instances from ‘Data.Foldable’
    To import instances alone, use: import Data.Foldable()

src/Data/Bifunctor/Clown.hs:22:1: Warning:
    The import of ‘Data.Monoid’ is redundant
      except perhaps to import instances from ‘Data.Monoid’
    To import instances alone, use: import Data.Monoid()

src/Data/Bifunctor/Clown.hs:23:1: Warning:
    The import of ‘Data.Traversable’ is redundant
      except perhaps to import instances from ‘Data.Traversable’
    To import instances alone, use: import Data.Traversable()
[ 6 of 11] Compiling Data.Bifunctor.Flip ( src/Data/Bifunctor/Flip.hs, dist/dist-sandbox-5bf6cc0d/build/Data/Bifunctor/Flip.p_o )

src/Data/Bifunctor/Flip.hs:16:1: Warning:
    The import of ‘Control.Applicative’ is redundant
      except perhaps to import instances from ‘Control.Applicative’
    To import instances alone, use: import Control.Applicative()

src/Data/Bifunctor/Flip.hs:20:1: Warning:
    The import of ‘Data.Foldable’ is redundant
      except perhaps to import instances from ‘Data.Foldable’
    To import instances alone, use: import Data.Foldable()

src/Data/Bifunctor/Flip.hs:21:1: Warning:
    The import of ‘Data.Monoid’ is redundant
      except perhaps to import instances from ‘Data.Monoid’
    To import instances alone, use: import Data.Monoid()

src/Data/Bifunctor/Flip.hs:22:1: Warning:
    The import of ‘Data.Traversable’ is redundant
      except perhaps to import instances from ‘Data.Traversable’
    To import instances alone, use: import Data.Traversable()
[ 7 of 11] Compiling Data.Bifunctor.Join ( src/Data/Bifunctor/Join.hs, dist/dist-sandbox-5bf6cc0d/build/Data/Bifunctor/Join.p_o )

src/Data/Bifunctor/Join.hs:16:1: Warning:
    The import of ‘Control.Applicative’ is redundant
      except perhaps to import instances from ‘Control.Applicative’
    To import instances alone, use: import Control.Applicative()

src/Data/Bifunctor/Join.hs:20:1: Warning:
    The import of ‘Data.Foldable’ is redundant
      except perhaps to import instances from ‘Data.Foldable’
    To import instances alone, use: import Data.Foldable()

src/Data/Bifunctor/Join.hs:21:1: Warning:
    The import of ‘Data.Traversable’ is redundant
      except perhaps to import instances from ‘Data.Traversable’
    To import instances alone, use: import Data.Traversable()
[ 8 of 11] Compiling Data.Bifunctor.Joker ( src/Data/Bifunctor/Joker.hs, dist/dist-sandbox-5bf6cc0d/build/Data/Bifunctor/Joker.p_o )

src/Data/Bifunctor/Joker.hs:17:1: Warning:
    The import of ‘Control.Applicative’ is redundant
      except perhaps to import instances from ‘Control.Applicative’
    To import instances alone, use: import Control.Applicative()

src/Data/Bifunctor/Joker.hs:21:1: Warning:
    The import of ‘Data.Foldable’ is redundant
      except perhaps to import instances from ‘Data.Foldable’
    To import instances alone, use: import Data.Foldable()

src/Data/Bifunctor/Joker.hs:22:1: Warning:
    The import of ‘Data.Traversable’ is redundant
      except perhaps to import instances from ‘Data.Traversable’
    To import instances alone, use: import Data.Traversable()
[ 9 of 11] Compiling Data.Bifunctor.Product ( src/Data/Bifunctor/Product.hs, dist/dist-sandbox-5bf6cc0d/build/Data/Bifunctor/Product.p_o )

src/Data/Bifunctor/Product.hs:16:1: Warning:
    The import of ‘Control.Applicative’ is redundant
      except perhaps to import instances from ‘Control.Applicative’
    To import instances alone, use: import Control.Applicative()

src/Data/Bifunctor/Product.hs:20:1: Warning:
    The import of ‘Data.Monoid’ is redundant
      except perhaps to import instances from ‘Data.Monoid’
    To import instances alone, use: import Data.Monoid()
[10 of 11] Compiling Data.Bifunctor.Tannen ( src/Data/Bifunctor/Tannen.hs, dist/dist-sandbox-5bf6cc0d/build/Data/Bifunctor/Tannen.p_o )

src/Data/Bifunctor/Tannen.hs:15:1: Warning:
    The import of ‘Control.Applicative’ is redundant
      except perhaps to import instances from ‘Control.Applicative’
    To import instances alone, use: import Control.Applicative()

src/Data/Bifunctor/Tannen.hs:19:1: Warning:
    The import of ‘Data.Foldable’ is redundant
      except perhaps to import instances from ‘Data.Foldable’
    To import instances alone, use: import Data.Foldable()

src/Data/Bifunctor/Tannen.hs:20:1: Warning:
    The import of ‘Data.Monoid’ is redundant
      except perhaps to import instances from ‘Data.Monoid’
    To import instances alone, use: import Data.Monoid()

src/Data/Bifunctor/Tannen.hs:21:1: Warning:
    The import of ‘Data.Traversable’ is redundant
      except perhaps to import instances from ‘Data.Traversable’
    To import instances alone, use: import Data.Traversable()
[11 of 11] Compiling Data.Bifunctor.Wrapped ( src/Data/Bifunctor/Wrapped.hs, dist/dist-sandbox-5bf6cc0d/build/Data/Bifunctor/Wrapped.p_o )

src/Data/Bifunctor/Wrapped.hs:15:1: Warning:
    The import of ‘Control.Applicative’ is redundant
      except perhaps to import instances from ‘Control.Applicative’
    To import instances alone, use: import Control.Applicative()

src/Data/Bifunctor/Wrapped.hs:19:1: Warning:
    The import of ‘Data.Foldable’ is redundant
      except perhaps to import instances from ‘Data.Foldable’
    To import instances alone, use: import Data.Foldable()

src/Data/Bifunctor/Wrapped.hs:20:1: Warning:
    The import of ‘Data.Monoid’ is redundant
      except perhaps to import instances from ‘Data.Monoid’
    To import instances alone, use: import Data.Monoid()

src/Data/Bifunctor/Wrapped.hs:21:1: Warning:
    The import of ‘Data.Traversable’ is redundant
      except perhaps to import instances from ‘Data.Traversable’
    To import instances alone, use: import Data.Traversable()
In-place registering bifunctors-5...
Running Haddock for bifunctors-5...
Preprocessing library bifunctors-5...
Warning: The documentation for the following packages are not installed. No
links will be generated to these packages: nats-1

src/Data/Bifunctor/Biff.hs:15:1: Warning:
    The import of ‘Control.Applicative’ is redundant
      except perhaps to import instances from ‘Control.Applicative’
    To import instances alone, use: import Control.Applicative()

src/Data/Bifunctor/Biff.hs:19:1: Warning:
    The import of ‘Data.Foldable’ is redundant
      except perhaps to import instances from ‘Data.Foldable’
    To import instances alone, use: import Data.Foldable()

src/Data/Bifunctor/Biff.hs:20:1: Warning:
    The import of ‘Data.Monoid’ is redundant
      except perhaps to import instances from ‘Data.Monoid’
    To import instances alone, use: import Data.Monoid()

src/Data/Bifunctor/Biff.hs:21:1: Warning:
    The import of ‘Data.Traversable’ is redundant
      except perhaps to import instances from ‘Data.Traversable’
    To import instances alone, use: import Data.Traversable()

src/Data/Bifunctor/Clown.hs:17:1: Warning:
    The import of ‘Control.Applicative’ is redundant
      except perhaps to import instances from ‘Control.Applicative’
    To import instances alone, use: import Control.Applicative()

src/Data/Bifunctor/Clown.hs:21:1: Warning:
    The import of ‘Data.Foldable’ is redundant
      except perhaps to import instances from ‘Data.Foldable’
    To import instances alone, use: import Data.Foldable()

src/Data/Bifunctor/Clown.hs:22:1: Warning:
    The import of ‘Data.Monoid’ is redundant
      except perhaps to import instances from ‘Data.Monoid’
    To import instances alone, use: import Data.Monoid()

src/Data/Bifunctor/Clown.hs:23:1: Warning:
    The import of ‘Data.Traversable’ is redundant
      except perhaps to import instances from ‘Data.Traversable’
    To import instances alone, use: import Data.Traversable()

src/Data/Bifunctor/Flip.hs:16:1: Warning:
    The import of ‘Control.Applicative’ is redundant
      except perhaps to import instances from ‘Control.Applicative’
    To import instances alone, use: import Control.Applicative()

src/Data/Bifunctor/Flip.hs:20:1: Warning:
    The import of ‘Data.Foldable’ is redundant
      except perhaps to import instances from ‘Data.Foldable’
    To import instances alone, use: import Data.Foldable()

src/Data/Bifunctor/Flip.hs:21:1: Warning:
    The import of ‘Data.Monoid’ is redundant
      except perhaps to import instances from ‘Data.Monoid’
    To import instances alone, use: import Data.Monoid()

src/Data/Bifunctor/Flip.hs:22:1: Warning:
    The import of ‘Data.Traversable’ is redundant
      except perhaps to import instances from ‘Data.Traversable’
    To import instances alone, use: import Data.Traversable()

src/Data/Bifunctor/Join.hs:16:1: Warning:
    The import of ‘Control.Applicative’ is redundant
      except perhaps to import instances from ‘Control.Applicative’
    To import instances alone, use: import Control.Applicative()

src/Data/Bifunctor/Join.hs:20:1: Warning:
    The import of ‘Data.Foldable’ is redundant
      except perhaps to import instances from ‘Data.Foldable’
    To import instances alone, use: import Data.Foldable()

src/Data/Bifunctor/Join.hs:21:1: Warning:
    The import of ‘Data.Traversable’ is redundant
      except perhaps to import instances from ‘Data.Traversable’
    To import instances alone, use: import Data.Traversable()

src/Data/Bifunctor/Joker.hs:17:1: Warning:
    The import of ‘Control.Applicative’ is redundant
      except perhaps to import instances from ‘Control.Applicative’
    To import instances alone, use: import Control.Applicative()

src/Data/Bifunctor/Joker.hs:21:1: Warning:
    The import of ‘Data.Foldable’ is redundant
      except perhaps to import instances from ‘Data.Foldable’
    To import instances alone, use: import Data.Foldable()

src/Data/Bifunctor/Joker.hs:22:1: Warning:
    The import of ‘Data.Traversable’ is redundant
      except perhaps to import instances from ‘Data.Traversable’
    To import instances alone, use: import Data.Traversable()

src/Data/Bifunctor/Product.hs:16:1: Warning:
    The import of ‘Control.Applicative’ is redundant
      except perhaps to import instances from ‘Control.Applicative’
    To import instances alone, use: import Control.Applicative()

src/Data/Bifunctor/Product.hs:20:1: Warning:
    The import of ‘Data.Monoid’ is redundant
      except perhaps to import instances from ‘Data.Monoid’
    To import instances alone, use: import Data.Monoid()

src/Data/Bifunctor/Tannen.hs:15:1: Warning:
    The import of ‘Control.Applicative’ is redundant
      except perhaps to import instances from ‘Control.Applicative’
    To import instances alone, use: import Control.Applicative()

src/Data/Bifunctor/Tannen.hs:19:1: Warning:
    The import of ‘Data.Foldable’ is redundant
      except perhaps to import instances from ‘Data.Foldable’
    To import instances alone, use: import Data.Foldable()

src/Data/Bifunctor/Tannen.hs:20:1: Warning:
    The import of ‘Data.Monoid’ is redundant
      except perhaps to import instances from ‘Data.Monoid’
    To import instances alone, use: import Data.Monoid()

src/Data/Bifunctor/Tannen.hs:21:1: Warning:
    The import of ‘Data.Traversable’ is redundant
      except perhaps to import instances from ‘Data.Traversable’
    To import instances alone, use: import Data.Traversable()

src/Data/Bifunctor/Wrapped.hs:15:1: Warning:
    The import of ‘Control.Applicative’ is redundant
      except perhaps to import instances from ‘Control.Applicative’
    To import instances alone, use: import Control.Applicative()

src/Data/Bifunctor/Wrapped.hs:19:1: Warning:
    The import of ‘Data.Foldable’ is redundant
      except perhaps to import instances from ‘Data.Foldable’
    To import instances alone, use: import Data.Foldable()

src/Data/Bifunctor/Wrapped.hs:20:1: Warning:
    The import of ‘Data.Monoid’ is redundant
      except perhaps to import instances from ‘Data.Monoid’
    To import instances alone, use: import Data.Monoid()

src/Data/Bifunctor/Wrapped.hs:21:1: Warning:
    The import of ‘Data.Traversable’ is redundant
      except perhaps to import instances from ‘Data.Traversable’
    To import instances alone, use: import Data.Traversable()
Haddock coverage:
 100% ( 17 / 17) in 'Data.Bifoldable'
 100% (  8 /  8) in 'Data.Bitraversable'
  62% (  5 /  8) in 'Data.Biapplicative'
  Missing documentation for:
    Biapplicative (src/Data/Biapplicative.hs:44)
    <<$>> (src/Data/Biapplicative.hs:40)
    <<**>> (src/Data/Biapplicative.hs:65)
 100% (  2 /  2) in 'Data.Bifunctor.Biff'
 100% (  2 /  2) in 'Data.Bifunctor.Clown'
 100% (  2 /  2) in 'Data.Bifunctor.Flip'
 100% (  2 /  2) in 'Data.Bifunctor.Join'
 100% (  2 /  2) in 'Data.Bifunctor.Joker'
 100% (  2 /  2) in 'Data.Bifunctor.Product'
 100% (  2 /  2) in 'Data.Bifunctor.Tannen'
 100% (  2 /  2) in 'Data.Bifunctor.Wrapped'
Documentation created:
dist/dist-sandbox-5bf6cc0d/doc/html/bifunctors/index.html
Creating package registration file:
/var/folders/jv/m80d3qfn5tz4qyfrtyq42kc00000gn/T/pkgConf-bifunctors-51778878209338725129
Installing library in
/Users/katsuya/study/Haskell/First/.cabal-sandbox/lib/x86_64-osx-ghc-7.10.2/bifunctors-5-G4gLtDmKDxFEnUJ9Mt7bVz
Registering bifunctors-5...
