Configuring cmdargs-0.10.13...
Building cmdargs-0.10.13...
Preprocessing library cmdargs-0.10.13...
[ 1 of 25] Compiling System.Console.CmdArgs.Implicit.Ann ( System/Console/CmdArgs/Implicit/Ann.hs, dist/dist-sandbox-5bf6cc0d/build/System/Console/CmdArgs/Implicit/Ann.o )
[ 2 of 25] Compiling System.Console.CmdArgs.Implicit.UI ( System/Console/CmdArgs/Implicit/UI.hs, dist/dist-sandbox-5bf6cc0d/build/System/Console/CmdArgs/Implicit/UI.o )
[ 3 of 25] Compiling System.Console.CmdArgs.Verbosity ( System/Console/CmdArgs/Verbosity.hs, dist/dist-sandbox-5bf6cc0d/build/System/Console/CmdArgs/Verbosity.o )
[ 4 of 25] Compiling System.Console.CmdArgs.Implicit.Type ( System/Console/CmdArgs/Implicit/Type.hs, dist/dist-sandbox-5bf6cc0d/build/System/Console/CmdArgs/Implicit/Type.o )
[ 5 of 25] Compiling System.Console.CmdArgs.Explicit.SplitJoin ( System/Console/CmdArgs/Explicit/SplitJoin.hs, dist/dist-sandbox-5bf6cc0d/build/System/Console/CmdArgs/Explicit/SplitJoin.o )
[ 6 of 25] Compiling System.Console.CmdArgs.Explicit.ExpandArgsAt ( System/Console/CmdArgs/Explicit/ExpandArgsAt.hs, dist/dist-sandbox-5bf6cc0d/build/System/Console/CmdArgs/Explicit/ExpandArgsAt.o )
[ 7 of 25] Compiling System.Console.CmdArgs.Explicit.Type ( System/Console/CmdArgs/Explicit/Type.hs, dist/dist-sandbox-5bf6cc0d/build/System/Console/CmdArgs/Explicit/Type.o )
[ 8 of 25] Compiling System.Console.CmdArgs.Explicit.Process ( System/Console/CmdArgs/Explicit/Process.hs, dist/dist-sandbox-5bf6cc0d/build/System/Console/CmdArgs/Explicit/Process.o )
[ 9 of 25] Compiling System.Console.CmdArgs.Explicit.Complete ( System/Console/CmdArgs/Explicit/Complete.hs, dist/dist-sandbox-5bf6cc0d/build/System/Console/CmdArgs/Explicit/Complete.o )
[10 of 25] Compiling System.Console.CmdArgs.Helper ( System/Console/CmdArgs/Helper.hs, dist/dist-sandbox-5bf6cc0d/build/System/Console/CmdArgs/Helper.o )
[11 of 25] Compiling System.Console.CmdArgs.Default ( System/Console/CmdArgs/Default.hs, dist/dist-sandbox-5bf6cc0d/build/System/Console/CmdArgs/Default.o )
[12 of 25] Compiling System.Console.CmdArgs.Text ( System/Console/CmdArgs/Text.hs, dist/dist-sandbox-5bf6cc0d/build/System/Console/CmdArgs/Text.o )
[13 of 25] Compiling System.Console.CmdArgs.Explicit.Help ( System/Console/CmdArgs/Explicit/Help.hs, dist/dist-sandbox-5bf6cc0d/build/System/Console/CmdArgs/Explicit/Help.o )
[14 of 25] Compiling System.Console.CmdArgs.Explicit ( System/Console/CmdArgs/Explicit.hs, dist/dist-sandbox-5bf6cc0d/build/System/Console/CmdArgs/Explicit.o )
[15 of 25] Compiling System.Console.CmdArgs.GetOpt ( System/Console/CmdArgs/GetOpt.hs, dist/dist-sandbox-5bf6cc0d/build/System/Console/CmdArgs/GetOpt.o )
[16 of 25] Compiling Data.Generics.Any ( Data/Generics/Any.hs, dist/dist-sandbox-5bf6cc0d/build/Data/Generics/Any.o )
[17 of 25] Compiling Data.Generics.Any.Prelude ( Data/Generics/Any/Prelude.hs, dist/dist-sandbox-5bf6cc0d/build/Data/Generics/Any/Prelude.o )
[18 of 25] Compiling System.Console.CmdArgs.Implicit.Reader ( System/Console/CmdArgs/Implicit/Reader.hs, dist/dist-sandbox-5bf6cc0d/build/System/Console/CmdArgs/Implicit/Reader.o )
[19 of 25] Compiling System.Console.CmdArgs.Annotate ( System/Console/CmdArgs/Annotate.hs, dist/dist-sandbox-5bf6cc0d/build/System/Console/CmdArgs/Annotate.o )
[20 of 25] Compiling System.Console.CmdArgs.Implicit.Local ( System/Console/CmdArgs/Implicit/Local.hs, dist/dist-sandbox-5bf6cc0d/build/System/Console/CmdArgs/Implicit/Local.o )
[21 of 25] Compiling System.Console.CmdArgs.Implicit.Reform ( System/Console/CmdArgs/Implicit/Reform.hs, dist/dist-sandbox-5bf6cc0d/build/System/Console/CmdArgs/Implicit/Reform.o )
[22 of 25] Compiling System.Console.CmdArgs.Implicit.Global ( System/Console/CmdArgs/Implicit/Global.hs, dist/dist-sandbox-5bf6cc0d/build/System/Console/CmdArgs/Implicit/Global.o )
[23 of 25] Compiling System.Console.CmdArgs.Implicit ( System/Console/CmdArgs/Implicit.hs, dist/dist-sandbox-5bf6cc0d/build/System/Console/CmdArgs/Implicit.o )
[24 of 25] Compiling System.Console.CmdArgs.Quote ( System/Console/CmdArgs/Quote.hs, dist/dist-sandbox-5bf6cc0d/build/System/Console/CmdArgs/Quote.o )
[25 of 25] Compiling System.Console.CmdArgs ( System/Console/CmdArgs.hs, dist/dist-sandbox-5bf6cc0d/build/System/Console/CmdArgs.o )
[ 1 of 25] Compiling System.Console.CmdArgs.Implicit.Ann ( System/Console/CmdArgs/Implicit/Ann.hs, dist/dist-sandbox-5bf6cc0d/build/System/Console/CmdArgs/Implicit/Ann.p_o )
[ 2 of 25] Compiling System.Console.CmdArgs.Implicit.UI ( System/Console/CmdArgs/Implicit/UI.hs, dist/dist-sandbox-5bf6cc0d/build/System/Console/CmdArgs/Implicit/UI.p_o )
[ 3 of 25] Compiling System.Console.CmdArgs.Verbosity ( System/Console/CmdArgs/Verbosity.hs, dist/dist-sandbox-5bf6cc0d/build/System/Console/CmdArgs/Verbosity.p_o )
[ 4 of 25] Compiling System.Console.CmdArgs.Implicit.Type ( System/Console/CmdArgs/Implicit/Type.hs, dist/dist-sandbox-5bf6cc0d/build/System/Console/CmdArgs/Implicit/Type.p_o )
[ 5 of 25] Compiling System.Console.CmdArgs.Explicit.SplitJoin ( System/Console/CmdArgs/Explicit/SplitJoin.hs, dist/dist-sandbox-5bf6cc0d/build/System/Console/CmdArgs/Explicit/SplitJoin.p_o )
[ 6 of 25] Compiling System.Console.CmdArgs.Explicit.ExpandArgsAt ( System/Console/CmdArgs/Explicit/ExpandArgsAt.hs, dist/dist-sandbox-5bf6cc0d/build/System/Console/CmdArgs/Explicit/ExpandArgsAt.p_o )
[ 7 of 25] Compiling System.Console.CmdArgs.Explicit.Type ( System/Console/CmdArgs/Explicit/Type.hs, dist/dist-sandbox-5bf6cc0d/build/System/Console/CmdArgs/Explicit/Type.p_o )
[ 8 of 25] Compiling System.Console.CmdArgs.Explicit.Process ( System/Console/CmdArgs/Explicit/Process.hs, dist/dist-sandbox-5bf6cc0d/build/System/Console/CmdArgs/Explicit/Process.p_o )
[ 9 of 25] Compiling System.Console.CmdArgs.Explicit.Complete ( System/Console/CmdArgs/Explicit/Complete.hs, dist/dist-sandbox-5bf6cc0d/build/System/Console/CmdArgs/Explicit/Complete.p_o )
[10 of 25] Compiling System.Console.CmdArgs.Helper ( System/Console/CmdArgs/Helper.hs, dist/dist-sandbox-5bf6cc0d/build/System/Console/CmdArgs/Helper.p_o )
[11 of 25] Compiling System.Console.CmdArgs.Default ( System/Console/CmdArgs/Default.hs, dist/dist-sandbox-5bf6cc0d/build/System/Console/CmdArgs/Default.p_o )
[12 of 25] Compiling System.Console.CmdArgs.Text ( System/Console/CmdArgs/Text.hs, dist/dist-sandbox-5bf6cc0d/build/System/Console/CmdArgs/Text.p_o )
[13 of 25] Compiling System.Console.CmdArgs.Explicit.Help ( System/Console/CmdArgs/Explicit/Help.hs, dist/dist-sandbox-5bf6cc0d/build/System/Console/CmdArgs/Explicit/Help.p_o )
[14 of 25] Compiling System.Console.CmdArgs.Explicit ( System/Console/CmdArgs/Explicit.hs, dist/dist-sandbox-5bf6cc0d/build/System/Console/CmdArgs/Explicit.p_o )
[15 of 25] Compiling System.Console.CmdArgs.GetOpt ( System/Console/CmdArgs/GetOpt.hs, dist/dist-sandbox-5bf6cc0d/build/System/Console/CmdArgs/GetOpt.p_o )
[16 of 25] Compiling Data.Generics.Any ( Data/Generics/Any.hs, dist/dist-sandbox-5bf6cc0d/build/Data/Generics/Any.p_o )
[17 of 25] Compiling Data.Generics.Any.Prelude ( Data/Generics/Any/Prelude.hs, dist/dist-sandbox-5bf6cc0d/build/Data/Generics/Any/Prelude.p_o )
[18 of 25] Compiling System.Console.CmdArgs.Implicit.Reader ( System/Console/CmdArgs/Implicit/Reader.hs, dist/dist-sandbox-5bf6cc0d/build/System/Console/CmdArgs/Implicit/Reader.p_o )
[19 of 25] Compiling System.Console.CmdArgs.Annotate ( System/Console/CmdArgs/Annotate.hs, dist/dist-sandbox-5bf6cc0d/build/System/Console/CmdArgs/Annotate.p_o )
[20 of 25] Compiling System.Console.CmdArgs.Implicit.Local ( System/Console/CmdArgs/Implicit/Local.hs, dist/dist-sandbox-5bf6cc0d/build/System/Console/CmdArgs/Implicit/Local.p_o )
[21 of 25] Compiling System.Console.CmdArgs.Implicit.Reform ( System/Console/CmdArgs/Implicit/Reform.hs, dist/dist-sandbox-5bf6cc0d/build/System/Console/CmdArgs/Implicit/Reform.p_o )
[22 of 25] Compiling System.Console.CmdArgs.Implicit.Global ( System/Console/CmdArgs/Implicit/Global.hs, dist/dist-sandbox-5bf6cc0d/build/System/Console/CmdArgs/Implicit/Global.p_o )
[23 of 25] Compiling System.Console.CmdArgs.Implicit ( System/Console/CmdArgs/Implicit.hs, dist/dist-sandbox-5bf6cc0d/build/System/Console/CmdArgs/Implicit.p_o )
[24 of 25] Compiling System.Console.CmdArgs.Quote ( System/Console/CmdArgs/Quote.hs, dist/dist-sandbox-5bf6cc0d/build/System/Console/CmdArgs/Quote.p_o )
[25 of 25] Compiling System.Console.CmdArgs ( System/Console/CmdArgs.hs, dist/dist-sandbox-5bf6cc0d/build/System/Console/CmdArgs.p_o )
In-place registering cmdargs-0.10.13...
Running Haddock for cmdargs-0.10.13...
Preprocessing library cmdargs-0.10.13...
Haddock coverage:
  50% (  1 /  2) in 'System.Console.CmdArgs.Implicit.Ann'
  Missing documentation for:
    Module header
 100% ( 21 / 21) in 'System.Console.CmdArgs.Implicit.UI'
 100% (  8 /  8) in 'System.Console.CmdArgs.Verbosity'
  25% (  2 /  8) in 'System.Console.CmdArgs.Implicit.Type'
  Missing documentation for:
    cmdArgsHasValue (System/Console/CmdArgs/Implicit/Type.hs:28)
    embed (System/Console/CmdArgs/Implicit/Type.hs:35)
    reembed (System/Console/CmdArgs/Implicit/Type.hs:38)
    CmdArgsPrivate (System/Console/CmdArgs/Implicit/Type.hs:42)
    incArgsSeen (System/Console/CmdArgs/Implicit/Type.hs:46)
    getArgsSeen (System/Console/CmdArgs/Implicit/Type.hs:47)
  67% (  2 /  3) in 'System.Console.CmdArgs.Explicit.SplitJoin'
  Missing documentation for:
    Module header
  50% (  1 /  2) in 'System.Console.CmdArgs.Explicit.ExpandArgsAt'
  Missing documentation for:
    Module header
  73% ( 24 / 33) in 'System.Console.CmdArgs.Explicit.Type'
  Missing documentation for:
    Module header
     (System/Console/CmdArgs/Explicit/Type.hs:50)
     (System/Console/CmdArgs/Explicit/Type.hs:53)
    Remap (System/Console/CmdArgs/Explicit/Type.hs:184)
    remap2 (System/Console/CmdArgs/Explicit/Type.hs:189)
     (System/Console/CmdArgs/Explicit/Type.hs:192)
     (System/Console/CmdArgs/Explicit/Type.hs:201)
     (System/Console/CmdArgs/Explicit/Type.hs:204)
    remapUpdate (System/Console/CmdArgs/Explicit/Type.hs:207)
  50% (  1 /  2) in 'System.Console.CmdArgs.Explicit.Process'
  Missing documentation for:
    Module header
  60% (  3 /  5) in 'System.Console.CmdArgs.Explicit.Complete'
  Missing documentation for:
    completeBash (System/Console/CmdArgs/Explicit/Complete.hs:144)
    completeZsh (System/Console/CmdArgs/Explicit/Complete.hs:200)
 100% (  8 /  8) in 'System.Console.CmdArgs.Helper'
   7% (  2 / 28) in 'System.Console.CmdArgs.Default'
  Missing documentation for:
     (System/Console/CmdArgs/Default.hs:14)
     (System/Console/CmdArgs/Default.hs:15)
     (System/Console/CmdArgs/Default.hs:16)
     (System/Console/CmdArgs/Default.hs:17)
     (System/Console/CmdArgs/Default.hs:18)
     (System/Console/CmdArgs/Default.hs:19)
     (System/Console/CmdArgs/Default.hs:20)
     (System/Console/CmdArgs/Default.hs:21)
     (System/Console/CmdArgs/Default.hs:23)
     (System/Console/CmdArgs/Default.hs:24)
     (System/Console/CmdArgs/Default.hs:25)
     (System/Console/CmdArgs/Default.hs:26)
     (System/Console/CmdArgs/Default.hs:27)
     (System/Console/CmdArgs/Default.hs:28)
     (System/Console/CmdArgs/Default.hs:29)
     (System/Console/CmdArgs/Default.hs:30)
     (System/Console/CmdArgs/Default.hs:31)
     (System/Console/CmdArgs/Default.hs:34)
     (System/Console/CmdArgs/Default.hs:35)
     (System/Console/CmdArgs/Default.hs:36)
     (System/Console/CmdArgs/Default.hs:37)
     (System/Console/CmdArgs/Default.hs:38)
     (System/Console/CmdArgs/Default.hs:39)
     (System/Console/CmdArgs/Default.hs:40)
     (System/Console/CmdArgs/Default.hs:41)
     (System/Console/CmdArgs/Default.hs:42)
 100% (  5 /  5) in 'System.Console.CmdArgs.Text'
  67% (  2 /  3) in 'System.Console.CmdArgs.Explicit.Help'
  Missing documentation for:
    Module header
  85% ( 44 / 52) in 'System.Console.CmdArgs.Explicit'
  Missing documentation for:
     (System/Console/CmdArgs/Explicit/Type.hs:50)
     (System/Console/CmdArgs/Explicit/Type.hs:53)
    Remap (System/Console/CmdArgs/Explicit/Type.hs:184)
    remap2 (System/Console/CmdArgs/Explicit/Type.hs:189)
     (System/Console/CmdArgs/Explicit/Type.hs:192)
     (System/Console/CmdArgs/Explicit/Type.hs:201)
     (System/Console/CmdArgs/Explicit/Type.hs:204)
    remapUpdate (System/Console/CmdArgs/Explicit/Type.hs:207)
 100% (  8 /  8) in 'System.Console.CmdArgs.GetOpt'
   4% (  1 / 28) in 'Data.Generics.Any'
  Missing documentation for:
    Module header
    CtorName (Data/Generics/Any.hs:15)
    FieldName (Data/Generics/Any.hs:16)
    readTupleType (Data/Generics/Any.hs:19)
    try1 (Data/Generics/Any.hs:24)
    AnyT (Data/Generics/Any.hs:33)
     (Data/Generics/Any.hs:35)
    fromAny (Data/Generics/Any.hs:38)
    cast (Data/Generics/Any.hs:45)
    toConstr (Data/Generics/Any.hs:51)
    typeOf (Data/Generics/Any.hs:54)
    dataTypeOf (Data/Generics/Any.hs:57)
    isAlgType (Data/Generics/Any.hs:60)
    typeShell (Data/Generics/Any.hs:66)
    typeShellFull (Data/Generics/Any.hs:69)
    typeName (Data/Generics/Any.hs:72)
    ctor (Data/Generics/Any.hs:78)
    fields (Data/Generics/Any.hs:81)
    children (Data/Generics/Any.hs:84)
    compose0 (Data/Generics/Any.hs:88)
    recompose (Data/Generics/Any.hs:95)
    ctors (Data/Generics/Any.hs:111)
    decompose (Data/Generics/Any.hs:117)
    arity (Data/Generics/Any.hs:120)
    compose (Data/Generics/Any.hs:122)
    getField (Data/Generics/Any.hs:129)
    setField (Data/Generics/Any.hs:134)
   0% (  0 / 20) in 'Data.Generics.Any.Prelude'
  Missing documentation for:
    Module header
    head (Data/Generics/Any/Prelude.hs:10)
    tail (Data/Generics/Any/Prelude.hs:13)
    cons (Data/Generics/Any/Prelude.hs:16)
    uncons (Data/Generics/Any/Prelude.hs:19)
    null (Data/Generics/Any/Prelude.hs:24)
    just_ (Data/Generics/Any/Prelude.hs:27)
    nil_ (Data/Generics/Any/Prelude.hs:30)
    list_ (Data/Generics/Any/Prelude.hs:33)
    append (Data/Generics/Any/Prelude.hs:36)
    reverse (Data/Generics/Any/Prelude.hs:42)
    isString (Data/Generics/Any/Prelude.hs:49)
    isList (Data/Generics/Any/Prelude.hs:50)
    isMaybe (Data/Generics/Any/Prelude.hs:51)
    isTuple (Data/Generics/Any/Prelude.hs:52)
    fromList (Data/Generics/Any/Prelude.hs:54)
    fromMaybe (Data/Generics/Any/Prelude.hs:55)
    fromTuple (Data/Generics/Any/Prelude.hs:56)
    unit (Data/Generics/Any/Prelude.hs:58)
    tuple (Data/Generics/Any/Prelude.hs:63)
   0% (  0 /  3) in 'System.Console.CmdArgs.Implicit.Reader'
  Missing documentation for:
    Module header
    Reader (System/Console/CmdArgs/Implicit/Reader.hs:15)
    reader (System/Console/CmdArgs/Implicit/Reader.hs:28)
 100% ( 17 / 17) in 'System.Console.CmdArgs.Annotate'
   8% (  1 / 12) in 'System.Console.CmdArgs.Implicit.Local'
  Missing documentation for:
    local (System/Console/CmdArgs/Implicit/Local.hs:110)
    err (System/Console/CmdArgs/Implicit/Local.hs:106)
    Prog_ (System/Console/CmdArgs/Implicit/Local.hs:27)
    Builtin_ (System/Console/CmdArgs/Implicit/Local.hs:55)
    Mode_ (System/Console/CmdArgs/Implicit/Local.hs:65)
    Flag_ (System/Console/CmdArgs/Implicit/Local.hs:75)
    Fixup (System/Console/CmdArgs/Implicit/Local.hs:94)
    isFlag_ (System/Console/CmdArgs/Implicit/Local.hs:99)
    progHelpOutput (System/Console/CmdArgs/Implicit/Local.hs:43)
    progVersionOutput (System/Console/CmdArgs/Implicit/Local.hs:44)
    progNumericVersionOutput (System/Console/CmdArgs/Implicit/Local.hs:45)
   0% (  0 /  2) in 'System.Console.CmdArgs.Implicit.Reform'
  Missing documentation for:
    Module header
    reform (System/Console/CmdArgs/Implicit/Reform.hs:14)
   0% (  0 /  2) in 'System.Console.CmdArgs.Implicit.Global'
  Missing documentation for:
    Module header
    global (System/Console/CmdArgs/Implicit/Global.hs:21)
 100% ( 50 / 50) in 'System.Console.CmdArgs.Implicit'
 100% (  9 /  9) in 'System.Console.CmdArgs.Quote'
 100% (  2 /  2) in 'System.Console.CmdArgs'
Warning: System.Console.CmdArgs.Implicit: could not find link destinations for:
    CmdArgsPrivate
Documentation created: dist/dist-sandbox-5bf6cc0d/doc/html/cmdargs/index.html
Creating package registration file:
/var/folders/jv/m80d3qfn5tz4qyfrtyq42kc00000gn/T/pkgConf-cmdargs-0.10750597385971307217.13
Installing library in
/Users/katsuya/study/Haskell/First/.cabal-sandbox/lib/x86_64-osx-ghc-7.10.2/cmdargs-0.10.13-3hFC8irhwwJFnXXtAnMpNG
Registering cmdargs-0.10.13...
