Configuring contravariant-1.3.3...
Building contravariant-1.3.3...
Preprocessing library contravariant-1.3.3...
[1 of 4] Compiling Data.Functor.Contravariant ( src/Data/Functor/Contravariant.hs, dist/dist-sandbox-5bf6cc0d/build/Data/Functor/Contravariant.o )
[2 of 4] Compiling Data.Functor.Contravariant.Divisible ( src/Data/Functor/Contravariant/Divisible.hs, dist/dist-sandbox-5bf6cc0d/build/Data/Functor/Contravariant/Divisible.o )
[3 of 4] Compiling Data.Functor.Contravariant.Compose ( src/Data/Functor/Contravariant/Compose.hs, dist/dist-sandbox-5bf6cc0d/build/Data/Functor/Contravariant/Compose.o )
[4 of 4] Compiling Data.Functor.Contravariant.Generic ( src/Data/Functor/Contravariant/Generic.hs, dist/dist-sandbox-5bf6cc0d/build/Data/Functor/Contravariant/Generic.o )
[1 of 4] Compiling Data.Functor.Contravariant ( src/Data/Functor/Contravariant.hs, dist/dist-sandbox-5bf6cc0d/build/Data/Functor/Contravariant.p_o )
[2 of 4] Compiling Data.Functor.Contravariant.Divisible ( src/Data/Functor/Contravariant/Divisible.hs, dist/dist-sandbox-5bf6cc0d/build/Data/Functor/Contravariant/Divisible.p_o )
[3 of 4] Compiling Data.Functor.Contravariant.Compose ( src/Data/Functor/Contravariant/Compose.hs, dist/dist-sandbox-5bf6cc0d/build/Data/Functor/Contravariant/Compose.p_o )
[4 of 4] Compiling Data.Functor.Contravariant.Generic ( src/Data/Functor/Contravariant/Generic.hs, dist/dist-sandbox-5bf6cc0d/build/Data/Functor/Contravariant/Generic.p_o )
In-place registering contravariant-1.3.3...
Running Haddock for contravariant-1.3.3...
Preprocessing library contravariant-1.3.3...
Warning: The documentation for the following packages are not installed. No
links will be generated to these packages: nats-1
Haddock coverage:
  89% ( 17 / 19) in 'Data.Functor.Contravariant'
  Missing documentation for:
    Predicate (src/Data/Functor/Contravariant.hs:278)
    comparisonEquivalence (src/Data/Functor/Contravariant.hs:362)
 100% ( 10 / 10) in 'Data.Functor.Contravariant.Divisible'
 100% (  4 /  4) in 'Data.Functor.Contravariant.Compose'
 100% (  3 /  3) in 'Data.Functor.Contravariant.Generic'
Warning: Data.Functor.Contravariant.Generic: could not find link destinations for:
    GDeciding GDeciding1
Documentation created:
dist/dist-sandbox-5bf6cc0d/doc/html/contravariant/index.html
Creating package registration file:
/var/folders/jv/m80d3qfn5tz4qyfrtyq42kc00000gn/T/pkgConf-contravariant-1.34711807731363045322.3
Installing library in
/Users/katsuya/study/Haskell/First/.cabal-sandbox/lib/x86_64-osx-ghc-7.10.2/contravariant-1.3.3-JjMdww6MAjy6EOd7ZGBk1M
Registering contravariant-1.3.3...
