[1 of 1] Compiling Main             ( /var/folders/jv/m80d3qfn5tz4qyfrtyq42kc00000gn/T/cabal-tmp-1151/distributive-0.4.4/dist/dist-sandbox-5bf6cc0d/setup/setup.hs, /var/folders/jv/m80d3qfn5tz4qyfrtyq42kc00000gn/T/cabal-tmp-1151/distributive-0.4.4/dist/dist-sandbox-5bf6cc0d/setup/Main.o )
Linking /var/folders/jv/m80d3qfn5tz4qyfrtyq42kc00000gn/T/cabal-tmp-1151/distributive-0.4.4/dist/dist-sandbox-5bf6cc0d/setup/setup ...
Configuring distributive-0.4.4...
Building distributive-0.4.4...
Preprocessing library distributive-0.4.4...
[1 of 2] Compiling Data.Distributive.Generic ( src/Data/Distributive/Generic.hs, dist/dist-sandbox-5bf6cc0d/build/Data/Distributive/Generic.o )
[2 of 2] Compiling Data.Distributive ( src/Data/Distributive.hs, dist/dist-sandbox-5bf6cc0d/build/Data/Distributive.o )
[1 of 2] Compiling Data.Distributive.Generic ( src/Data/Distributive/Generic.hs, dist/dist-sandbox-5bf6cc0d/build/Data/Distributive/Generic.p_o )
[2 of 2] Compiling Data.Distributive ( src/Data/Distributive.hs, dist/dist-sandbox-5bf6cc0d/build/Data/Distributive.p_o )
In-place registering distributive-0.4.4...
Running Haddock for distributive-0.4.4...
Preprocessing library distributive-0.4.4...
Haddock coverage:
  67% (  2 /  3) in 'Data.Distributive.Generic'
  Missing documentation for:
    GDistributive (src/Data/Distributive/Generic.hs:35)
 100% (  4 /  4) in 'Data.Distributive'
Documentation created:
dist/dist-sandbox-5bf6cc0d/doc/html/distributive/index.html
Creating package registration file:
/var/folders/jv/m80d3qfn5tz4qyfrtyq42kc00000gn/T/pkgConf-distributive-0.49449758251567121210.4
Installing library in
/Users/katsuya/study/Haskell/First/.cabal-sandbox/lib/x86_64-osx-ghc-7.10.2/distributive-0.4.4-IiTFZxvjHzA0FvKz3AU35Q
Registering distributive-0.4.4...
