Configuring fclabels-2.0.2.3...
Building fclabels-2.0.2.3...
Preprocessing library fclabels-2.0.2.3...
[ 1 of 10] Compiling Data.Label.Point ( src/Data/Label/Point.hs, dist/dist-sandbox-5bf6cc0d/build/Data/Label/Point.o )
[ 2 of 10] Compiling Data.Label.Poly  ( src/Data/Label/Poly.hs, dist/dist-sandbox-5bf6cc0d/build/Data/Label/Poly.o )
[ 3 of 10] Compiling Data.Label.Mono  ( src/Data/Label/Mono.hs, dist/dist-sandbox-5bf6cc0d/build/Data/Label/Mono.o )
[ 4 of 10] Compiling Data.Label.Derive ( src/Data/Label/Derive.hs, dist/dist-sandbox-5bf6cc0d/build/Data/Label/Derive.o )
[ 5 of 10] Compiling Data.Label.Partial ( src/Data/Label/Partial.hs, dist/dist-sandbox-5bf6cc0d/build/Data/Label/Partial.o )
[ 6 of 10] Compiling Data.Label.Failing ( src/Data/Label/Failing.hs, dist/dist-sandbox-5bf6cc0d/build/Data/Label/Failing.o )
[ 7 of 10] Compiling Data.Label.Total ( src/Data/Label/Total.hs, dist/dist-sandbox-5bf6cc0d/build/Data/Label/Total.o )
[ 8 of 10] Compiling Data.Label.Monadic ( src/Data/Label/Monadic.hs, dist/dist-sandbox-5bf6cc0d/build/Data/Label/Monadic.o )
[ 9 of 10] Compiling Data.Label       ( src/Data/Label.hs, dist/dist-sandbox-5bf6cc0d/build/Data/Label.o )
[10 of 10] Compiling Data.Label.Base  ( src/Data/Label/Base.hs, dist/dist-sandbox-5bf6cc0d/build/Data/Label/Base.o )
[ 1 of 10] Compiling Data.Label.Point ( src/Data/Label/Point.hs, dist/dist-sandbox-5bf6cc0d/build/Data/Label/Point.p_o )
[ 2 of 10] Compiling Data.Label.Poly  ( src/Data/Label/Poly.hs, dist/dist-sandbox-5bf6cc0d/build/Data/Label/Poly.p_o )
[ 3 of 10] Compiling Data.Label.Mono  ( src/Data/Label/Mono.hs, dist/dist-sandbox-5bf6cc0d/build/Data/Label/Mono.p_o )
[ 4 of 10] Compiling Data.Label.Derive ( src/Data/Label/Derive.hs, dist/dist-sandbox-5bf6cc0d/build/Data/Label/Derive.p_o )
[ 5 of 10] Compiling Data.Label.Partial ( src/Data/Label/Partial.hs, dist/dist-sandbox-5bf6cc0d/build/Data/Label/Partial.p_o )
[ 6 of 10] Compiling Data.Label.Failing ( src/Data/Label/Failing.hs, dist/dist-sandbox-5bf6cc0d/build/Data/Label/Failing.p_o )
[ 7 of 10] Compiling Data.Label.Total ( src/Data/Label/Total.hs, dist/dist-sandbox-5bf6cc0d/build/Data/Label/Total.p_o )
[ 8 of 10] Compiling Data.Label.Monadic ( src/Data/Label/Monadic.hs, dist/dist-sandbox-5bf6cc0d/build/Data/Label/Monadic.p_o )
[ 9 of 10] Compiling Data.Label       ( src/Data/Label.hs, dist/dist-sandbox-5bf6cc0d/build/Data/Label.p_o )
[10 of 10] Compiling Data.Label.Base  ( src/Data/Label/Base.hs, dist/dist-sandbox-5bf6cc0d/build/Data/Label/Base.p_o )
In-place registering fclabels-2.0.2.3...
Running Haddock for fclabels-2.0.2.3...
Preprocessing library fclabels-2.0.2.3...
Haddock coverage:
 100% ( 17 / 17) in 'Data.Label.Point'
 100% ( 11 / 11) in 'Data.Label.Poly'
 100% ( 11 / 11) in 'Data.Label.Mono'
 100% ( 13 / 13) in 'Data.Label.Derive'
 100% ( 13 / 13) in 'Data.Label.Partial'
 100% ( 11 / 11) in 'Data.Label.Failing'
 100% ( 10 / 10) in 'Data.Label.Total'
 100% ( 11 / 11) in 'Data.Label.Monadic'
 100% ( 27 / 27) in 'Data.Label'
 100% ( 19 / 19) in 'Data.Label.Base'
Documentation created: dist/dist-sandbox-5bf6cc0d/doc/html/fclabels/index.html
Creating package registration file:
/var/folders/jv/m80d3qfn5tz4qyfrtyq42kc00000gn/T/pkgConf-fclabels-2.0.2388471006681910962.3
Installing library in
/Users/katsuya/study/Haskell/First/.cabal-sandbox/lib/x86_64-osx-ghc-7.10.2/fclabels-2.0.2.3-5JuYl5UHAG1IVexeybwVOI
Registering fclabels-2.0.2.3...
