Configuring free-4.12.1...
Building free-4.12.1...
Preprocessing library free-4.12.1...
[ 1 of 16] Compiling Control.Monad.Free.TH ( src/Control/Monad/Free/TH.hs, dist/dist-sandbox-5bf6cc0d/build/Control/Monad/Free/TH.o )
[ 2 of 16] Compiling Control.Monad.Free.Class ( src/Control/Monad/Free/Class.hs, dist/dist-sandbox-5bf6cc0d/build/Control/Monad/Free/Class.o )
[ 3 of 16] Compiling Control.Monad.Trans.Iter ( src/Control/Monad/Trans/Iter.hs, dist/dist-sandbox-5bf6cc0d/build/Control/Monad/Trans/Iter.o )
[ 4 of 16] Compiling Control.Monad.Trans.Free ( src/Control/Monad/Trans/Free.hs, dist/dist-sandbox-5bf6cc0d/build/Control/Monad/Trans/Free.o )
[ 5 of 16] Compiling Control.Monad.Trans.Free.Church ( src/Control/Monad/Trans/Free/Church.hs, dist/dist-sandbox-5bf6cc0d/build/Control/Monad/Trans/Free/Church.o )
[ 6 of 16] Compiling Control.Monad.Free ( src/Control/Monad/Free.hs, dist/dist-sandbox-5bf6cc0d/build/Control/Monad/Free.o )
[ 7 of 16] Compiling Control.Monad.Free.Church ( src/Control/Monad/Free/Church.hs, dist/dist-sandbox-5bf6cc0d/build/Control/Monad/Free/Church.o )
[ 8 of 16] Compiling Control.Comonad.Cofree.Class ( src/Control/Comonad/Cofree/Class.hs, dist/dist-sandbox-5bf6cc0d/build/Control/Comonad/Cofree/Class.o )
[ 9 of 16] Compiling Control.Comonad.Trans.Cofree ( src/Control/Comonad/Trans/Cofree.hs, dist/dist-sandbox-5bf6cc0d/build/Control/Comonad/Trans/Cofree.o )
[10 of 16] Compiling Control.Comonad.Trans.Coiter ( src/Control/Comonad/Trans/Coiter.hs, dist/dist-sandbox-5bf6cc0d/build/Control/Comonad/Trans/Coiter.o )
[11 of 16] Compiling Control.Comonad.Cofree ( src/Control/Comonad/Cofree.hs, dist/dist-sandbox-5bf6cc0d/build/Control/Comonad/Cofree.o )
[12 of 16] Compiling Control.Alternative.Free.Final ( src/Control/Alternative/Free/Final.hs, dist/dist-sandbox-5bf6cc0d/build/Control/Alternative/Free/Final.o )
[13 of 16] Compiling Control.Alternative.Free ( src/Control/Alternative/Free.hs, dist/dist-sandbox-5bf6cc0d/build/Control/Alternative/Free.o )
[14 of 16] Compiling Control.Applicative.Trans.Free ( src/Control/Applicative/Trans/Free.hs, dist/dist-sandbox-5bf6cc0d/build/Control/Applicative/Trans/Free.o )
[15 of 16] Compiling Control.Applicative.Free.Final ( src/Control/Applicative/Free/Final.hs, dist/dist-sandbox-5bf6cc0d/build/Control/Applicative/Free/Final.o )
[16 of 16] Compiling Control.Applicative.Free ( src/Control/Applicative/Free.hs, dist/dist-sandbox-5bf6cc0d/build/Control/Applicative/Free.o )
[ 1 of 16] Compiling Control.Monad.Free.TH ( src/Control/Monad/Free/TH.hs, dist/dist-sandbox-5bf6cc0d/build/Control/Monad/Free/TH.p_o )
[ 2 of 16] Compiling Control.Monad.Free.Class ( src/Control/Monad/Free/Class.hs, dist/dist-sandbox-5bf6cc0d/build/Control/Monad/Free/Class.p_o )
[ 3 of 16] Compiling Control.Monad.Trans.Iter ( src/Control/Monad/Trans/Iter.hs, dist/dist-sandbox-5bf6cc0d/build/Control/Monad/Trans/Iter.p_o )
[ 4 of 16] Compiling Control.Monad.Trans.Free ( src/Control/Monad/Trans/Free.hs, dist/dist-sandbox-5bf6cc0d/build/Control/Monad/Trans/Free.p_o )
[ 5 of 16] Compiling Control.Monad.Trans.Free.Church ( src/Control/Monad/Trans/Free/Church.hs, dist/dist-sandbox-5bf6cc0d/build/Control/Monad/Trans/Free/Church.p_o )
[ 6 of 16] Compiling Control.Monad.Free ( src/Control/Monad/Free.hs, dist/dist-sandbox-5bf6cc0d/build/Control/Monad/Free.p_o )
[ 7 of 16] Compiling Control.Monad.Free.Church ( src/Control/Monad/Free/Church.hs, dist/dist-sandbox-5bf6cc0d/build/Control/Monad/Free/Church.p_o )
[ 8 of 16] Compiling Control.Comonad.Cofree.Class ( src/Control/Comonad/Cofree/Class.hs, dist/dist-sandbox-5bf6cc0d/build/Control/Comonad/Cofree/Class.p_o )
[ 9 of 16] Compiling Control.Comonad.Trans.Cofree ( src/Control/Comonad/Trans/Cofree.hs, dist/dist-sandbox-5bf6cc0d/build/Control/Comonad/Trans/Cofree.p_o )
[10 of 16] Compiling Control.Comonad.Trans.Coiter ( src/Control/Comonad/Trans/Coiter.hs, dist/dist-sandbox-5bf6cc0d/build/Control/Comonad/Trans/Coiter.p_o )
[11 of 16] Compiling Control.Comonad.Cofree ( src/Control/Comonad/Cofree.hs, dist/dist-sandbox-5bf6cc0d/build/Control/Comonad/Cofree.p_o )
[12 of 16] Compiling Control.Alternative.Free.Final ( src/Control/Alternative/Free/Final.hs, dist/dist-sandbox-5bf6cc0d/build/Control/Alternative/Free/Final.p_o )
[13 of 16] Compiling Control.Alternative.Free ( src/Control/Alternative/Free.hs, dist/dist-sandbox-5bf6cc0d/build/Control/Alternative/Free.p_o )
[14 of 16] Compiling Control.Applicative.Trans.Free ( src/Control/Applicative/Trans/Free.hs, dist/dist-sandbox-5bf6cc0d/build/Control/Applicative/Trans/Free.p_o )
[15 of 16] Compiling Control.Applicative.Free.Final ( src/Control/Applicative/Free/Final.hs, dist/dist-sandbox-5bf6cc0d/build/Control/Applicative/Free/Final.p_o )
[16 of 16] Compiling Control.Applicative.Free ( src/Control/Applicative/Free.hs, dist/dist-sandbox-5bf6cc0d/build/Control/Applicative/Free.p_o )
In-place registering free-4.12.1...
Running Haddock for free-4.12.1...
Preprocessing library free-4.12.1...
Warning: The documentation for the following packages are not installed. No
links will be generated to these packages: nats-1
Haddock coverage:
 100% ( 10 / 10) in 'Control.Monad.Free.TH'
 100% (  4 /  4) in 'Control.Monad.Free.Class'
 100% ( 25 / 25) in 'Control.Monad.Trans.Iter'
 100% ( 27 / 27) in 'Control.Monad.Trans.Free'
 100% ( 28 / 28) in 'Control.Monad.Trans.Free.Church'
 100% ( 15 / 15) in 'Control.Monad.Free'
 100% ( 12 / 12) in 'Control.Monad.Free.Church'
 100% (  2 /  2) in 'Control.Comonad.Cofree.Class'
 100% ( 10 / 10) in 'Control.Comonad.Trans.Cofree'
 100% ( 14 / 14) in 'Control.Comonad.Trans.Coiter'
  92% ( 11 / 12) in 'Control.Comonad.Cofree'
  Missing documentation for:
    hoistCofree (src/Control/Comonad/Cofree.hs:122)
 100% (  5 /  5) in 'Control.Alternative.Free.Final'
  67% (  4 /  6) in 'Control.Alternative.Free'
  Missing documentation for:
    Alt (src/Control/Alternative/Free.hs:46)
    AltF (src/Control/Alternative/Free.hs:39)
 100% ( 22 / 22) in 'Control.Applicative.Trans.Free'
 100% ( 10 / 10) in 'Control.Applicative.Free.Final'
 100% ( 10 / 10) in 'Control.Applicative.Free'
Documentation created: dist/dist-sandbox-5bf6cc0d/doc/html/free/index.html
Creating package registration file:
/var/folders/jv/m80d3qfn5tz4qyfrtyq42kc00000gn/T/pkgConf-free-4.12555860589795054873.1
Installing library in
/Users/katsuya/study/Haskell/First/.cabal-sandbox/lib/x86_64-osx-ghc-7.10.2/free-4.12.1-IiYWW6VPEzj5ezBiDEXBM4
Registering free-4.12.1...
