[1 of 1] Compiling Main             ( /var/folders/jv/m80d3qfn5tz4qyfrtyq42kc00000gn/T/cabal-tmp-1157/ghc-paths-0.1.0.9/dist/dist-sandbox-5bf6cc0d/setup/setup.hs, /var/folders/jv/m80d3qfn5tz4qyfrtyq42kc00000gn/T/cabal-tmp-1157/ghc-paths-0.1.0.9/dist/dist-sandbox-5bf6cc0d/setup/Main.o )
Linking /var/folders/jv/m80d3qfn5tz4qyfrtyq42kc00000gn/T/cabal-tmp-1157/ghc-paths-0.1.0.9/dist/dist-sandbox-5bf6cc0d/setup/setup ...
Configuring ghc-paths-0.1.0.9...
Building ghc-paths-0.1.0.9...
Preprocessing library ghc-paths-0.1.0.9...
[1 of 1] Compiling GHC.Paths        ( GHC/Paths.hs, dist/dist-sandbox-5bf6cc0d/build/GHC/Paths.o )
[1 of 1] Compiling GHC.Paths        ( GHC/Paths.hs, dist/dist-sandbox-5bf6cc0d/build/GHC/Paths.p_o )
In-place registering ghc-paths-0.1.0.9...
Running Haddock for ghc-paths-0.1.0.9...
Preprocessing library ghc-paths-0.1.0.9...
Haddock coverage:
   0% (  0 /  5) in 'GHC.Paths'
  Missing documentation for:
    Module header
    ghc (GHC/Paths.hs:7)
    ghc_pkg (GHC/Paths.hs:7)
    libdir (GHC/Paths.hs:7)
    docdir (GHC/Paths.hs:7)
Documentation created:
dist/dist-sandbox-5bf6cc0d/doc/html/ghc-paths/index.html
Creating package registration file:
/var/folders/jv/m80d3qfn5tz4qyfrtyq42kc00000gn/T/pkgConf-ghc-paths-0.1.019047979421400285365.9
Installing library in
/Users/katsuya/study/Haskell/First/.cabal-sandbox/lib/x86_64-osx-ghc-7.10.2/ghc-paths-0.1.0.9-83fO7sKyOaAKK9cbE3049O
Registering ghc-paths-0.1.0.9...
