Configuring monad-journal-0.7.1...
Building monad-journal-0.7.1...
Preprocessing library monad-journal-0.7.1...
[1 of 3] Compiling Control.Monad.Journal.Class ( Control/Monad/Journal/Class.hs, dist/dist-sandbox-5bf6cc0d/build/Control/Monad/Journal/Class.o )
[2 of 3] Compiling Control.Monad.Trans.Journal ( Control/Monad/Trans/Journal.hs, dist/dist-sandbox-5bf6cc0d/build/Control/Monad/Trans/Journal.o )
[3 of 3] Compiling Control.Monad.Journal ( Control/Monad/Journal.hs, dist/dist-sandbox-5bf6cc0d/build/Control/Monad/Journal.o )
[1 of 3] Compiling Control.Monad.Journal.Class ( Control/Monad/Journal/Class.hs, dist/dist-sandbox-5bf6cc0d/build/Control/Monad/Journal/Class.p_o )
[2 of 3] Compiling Control.Monad.Trans.Journal ( Control/Monad/Trans/Journal.hs, dist/dist-sandbox-5bf6cc0d/build/Control/Monad/Trans/Journal.p_o )
[3 of 3] Compiling Control.Monad.Journal ( Control/Monad/Journal.hs, dist/dist-sandbox-5bf6cc0d/build/Control/Monad/Journal.p_o )
In-place registering monad-journal-0.7.1...
Running Haddock for monad-journal-0.7.1...
Preprocessing library monad-journal-0.7.1...
Warning: The documentation for the following packages are not installed. No
links will be generated to these packages: nats-1
Haddock coverage:
 100% (  5 /  5) in 'Control.Monad.Journal.Class'
 100% (  8 /  8) in 'Control.Monad.Trans.Journal'
 100% (  2 /  2) in 'Control.Monad.Journal'
Documentation created:
dist/dist-sandbox-5bf6cc0d/doc/html/monad-journal/index.html
Creating package registration file:
/var/folders/jv/m80d3qfn5tz4qyfrtyq42kc00000gn/T/pkgConf-monad-journal-0.72118498354322968418.1
Installing library in
/Users/katsuya/study/Haskell/First/.cabal-sandbox/lib/x86_64-osx-ghc-7.10.2/monad-journal-0.7.1-2qb3mElyWA3C6841KQ83LP
Registering monad-journal-0.7.1...
