Configuring monad-control-1.0.0.4...
Building monad-control-1.0.0.4...
Preprocessing library monad-control-1.0.0.4...
[1 of 1] Compiling Control.Monad.Trans.Control ( Control/Monad/Trans/Control.hs, dist/dist-sandbox-5bf6cc0d/build/Control/Monad/Trans/Control.o )
[1 of 1] Compiling Control.Monad.Trans.Control ( Control/Monad/Trans/Control.hs, dist/dist-sandbox-5bf6cc0d/build/Control/Monad/Trans/Control.p_o )
In-place registering monad-control-1.0.0.4...
Running Haddock for monad-control-1.0.0.4...
Preprocessing library monad-control-1.0.0.4...
Haddock coverage:
  92% ( 24 / 26) in 'Control.Monad.Trans.Control'
  Missing documentation for:
    MonadTransControl (Control/Monad/Trans/Control.hs:108)
    MonadBaseControl (Control/Monad/Trans/Control.hs:290)
Documentation created:
dist/dist-sandbox-5bf6cc0d/doc/html/monad-control/index.html
Creating package registration file:
/var/folders/jv/m80d3qfn5tz4qyfrtyq42kc00000gn/T/pkgConf-monad-control-1.0.04285405561968456301.4
Installing library in
/Users/katsuya/study/Haskell/First/.cabal-sandbox/lib/x86_64-osx-ghc-7.10.2/monad-control-1.0.0.4-3XCDr1mqlERGZgaxuwJF6b
Registering monad-control-1.0.0.4...
