Configuring profunctors-5.1.1...
Building profunctors-5.1.1...
Preprocessing library profunctors-5.1.1...
[ 1 of 14] Compiling Data.Profunctor.Trace ( src/Data/Profunctor/Trace.hs, dist/dist-sandbox-5bf6cc0d/build/Data/Profunctor/Trace.o )
[ 2 of 14] Compiling Data.Profunctor.Unsafe ( src/Data/Profunctor/Unsafe.hs, dist/dist-sandbox-5bf6cc0d/build/Data/Profunctor/Unsafe.o )
[ 3 of 14] Compiling Data.Profunctor  ( src/Data/Profunctor.hs, dist/dist-sandbox-5bf6cc0d/build/Data/Profunctor.o )
[ 4 of 14] Compiling Data.Profunctor.Monad ( src/Data/Profunctor/Monad.hs, dist/dist-sandbox-5bf6cc0d/build/Data/Profunctor/Monad.o )
[ 5 of 14] Compiling Data.Profunctor.Adjunction ( src/Data/Profunctor/Adjunction.hs, dist/dist-sandbox-5bf6cc0d/build/Data/Profunctor/Adjunction.o )
[ 6 of 14] Compiling Data.Profunctor.Cayley ( src/Data/Profunctor/Cayley.hs, dist/dist-sandbox-5bf6cc0d/build/Data/Profunctor/Cayley.o )
[ 7 of 14] Compiling Data.Profunctor.Closed ( src/Data/Profunctor/Closed.hs, dist/dist-sandbox-5bf6cc0d/build/Data/Profunctor/Closed.o )
[ 8 of 14] Compiling Data.Profunctor.Sieve ( src/Data/Profunctor/Sieve.hs, dist/dist-sandbox-5bf6cc0d/build/Data/Profunctor/Sieve.o )
[ 9 of 14] Compiling Data.Profunctor.Rep ( src/Data/Profunctor/Rep.hs, dist/dist-sandbox-5bf6cc0d/build/Data/Profunctor/Rep.o )
[10 of 14] Compiling Data.Profunctor.Composition ( src/Data/Profunctor/Composition.hs, dist/dist-sandbox-5bf6cc0d/build/Data/Profunctor/Composition.o )
[11 of 14] Compiling Data.Profunctor.Codensity ( src/Data/Profunctor/Codensity.hs, dist/dist-sandbox-5bf6cc0d/build/Data/Profunctor/Codensity.o )
[12 of 14] Compiling Data.Profunctor.Monoid ( src/Data/Profunctor/Monoid.hs, dist/dist-sandbox-5bf6cc0d/build/Data/Profunctor/Monoid.o )
[13 of 14] Compiling Data.Profunctor.Ran ( src/Data/Profunctor/Ran.hs, dist/dist-sandbox-5bf6cc0d/build/Data/Profunctor/Ran.o )
[14 of 14] Compiling Data.Profunctor.Tambara ( src/Data/Profunctor/Tambara.hs, dist/dist-sandbox-5bf6cc0d/build/Data/Profunctor/Tambara.o )
[ 1 of 14] Compiling Data.Profunctor.Trace ( src/Data/Profunctor/Trace.hs, dist/dist-sandbox-5bf6cc0d/build/Data/Profunctor/Trace.p_o )
[ 2 of 14] Compiling Data.Profunctor.Unsafe ( src/Data/Profunctor/Unsafe.hs, dist/dist-sandbox-5bf6cc0d/build/Data/Profunctor/Unsafe.p_o )
[ 3 of 14] Compiling Data.Profunctor  ( src/Data/Profunctor.hs, dist/dist-sandbox-5bf6cc0d/build/Data/Profunctor.p_o )
[ 4 of 14] Compiling Data.Profunctor.Monad ( src/Data/Profunctor/Monad.hs, dist/dist-sandbox-5bf6cc0d/build/Data/Profunctor/Monad.p_o )
[ 5 of 14] Compiling Data.Profunctor.Adjunction ( src/Data/Profunctor/Adjunction.hs, dist/dist-sandbox-5bf6cc0d/build/Data/Profunctor/Adjunction.p_o )
[ 6 of 14] Compiling Data.Profunctor.Cayley ( src/Data/Profunctor/Cayley.hs, dist/dist-sandbox-5bf6cc0d/build/Data/Profunctor/Cayley.p_o )
[ 7 of 14] Compiling Data.Profunctor.Closed ( src/Data/Profunctor/Closed.hs, dist/dist-sandbox-5bf6cc0d/build/Data/Profunctor/Closed.p_o )
[ 8 of 14] Compiling Data.Profunctor.Sieve ( src/Data/Profunctor/Sieve.hs, dist/dist-sandbox-5bf6cc0d/build/Data/Profunctor/Sieve.p_o )
[ 9 of 14] Compiling Data.Profunctor.Rep ( src/Data/Profunctor/Rep.hs, dist/dist-sandbox-5bf6cc0d/build/Data/Profunctor/Rep.p_o )
[10 of 14] Compiling Data.Profunctor.Composition ( src/Data/Profunctor/Composition.hs, dist/dist-sandbox-5bf6cc0d/build/Data/Profunctor/Composition.p_o )
[11 of 14] Compiling Data.Profunctor.Codensity ( src/Data/Profunctor/Codensity.hs, dist/dist-sandbox-5bf6cc0d/build/Data/Profunctor/Codensity.p_o )
[12 of 14] Compiling Data.Profunctor.Monoid ( src/Data/Profunctor/Monoid.hs, dist/dist-sandbox-5bf6cc0d/build/Data/Profunctor/Monoid.p_o )
[13 of 14] Compiling Data.Profunctor.Ran ( src/Data/Profunctor/Ran.hs, dist/dist-sandbox-5bf6cc0d/build/Data/Profunctor/Ran.p_o )
[14 of 14] Compiling Data.Profunctor.Tambara ( src/Data/Profunctor/Tambara.hs, dist/dist-sandbox-5bf6cc0d/build/Data/Profunctor/Tambara.p_o )
In-place registering profunctors-5.1.1...
Running Haddock for profunctors-5.1.1...
Preprocessing library profunctors-5.1.1...
Warning: The documentation for the following packages are not installed. No
links will be generated to these packages: nats-1
Haddock coverage:
 100% (  2 /  2) in 'Data.Profunctor.Trace'
 100% (  3 /  3) in 'Data.Profunctor.Unsafe'
  80% ( 12 / 15) in 'Data.Profunctor'
  Missing documentation for:
    Cochoice (src/Data/Profunctor.hs:413)
    Forget (src/Data/Profunctor.hs:217)
    :-> (src/Data/Profunctor.hs:67)
   0% (  0 /  4) in 'Data.Profunctor.Monad'
  Missing documentation for:
    Module header
    ProfunctorFunctor (src/Data/Profunctor/Monad.hs:7)
    ProfunctorMonad (src/Data/Profunctor/Monad.hs:10)
    ProfunctorComonad (src/Data/Profunctor/Monad.hs:14)
   0% (  0 /  2) in 'Data.Profunctor.Adjunction'
  Missing documentation for:
    Module header
    ProfunctorAdjunction (src/Data/Profunctor/Adjunction.hs:10)
  21% (  3 / 14) in 'Data.Profunctor.Cayley'
  Missing documentation for:
    Cayley (src/Data/Profunctor/Cayley.hs:28)
     (src/Data/Profunctor/Cayley.hs:30)
     (src/Data/Profunctor/Cayley.hs:43)
     (src/Data/Profunctor/Cayley.hs:50)
     (src/Data/Profunctor/Cayley.hs:54)
     (src/Data/Profunctor/Cayley.hs:58)
     (src/Data/Profunctor/Cayley.hs:62)
     (src/Data/Profunctor/Cayley.hs:69)
     (src/Data/Profunctor/Cayley.hs:75)
     (src/Data/Profunctor/Cayley.hs:78)
     (src/Data/Profunctor/Cayley.hs:81)
  67% (  4 /  6) in 'Data.Profunctor.Closed'
  Missing documentation for:
    Module header
    Environment (src/Data/Profunctor/Closed.hs:150)
 100% (  3 /  3) in 'Data.Profunctor.Sieve'
 100% ( 11 / 11) in 'Data.Profunctor.Rep'
  94% ( 15 / 16) in 'Data.Profunctor.Composition'
  Missing documentation for:
    procomposed (src/Data/Profunctor/Composition.hs:74)
  67% (  2 /  3) in 'Data.Profunctor.Codensity'
  Missing documentation for:
    decomposeCodensity (src/Data/Profunctor/Codensity.hs:52)
  33% (  1 /  3) in 'Data.Profunctor.Monoid'
  Missing documentation for:
    Module header
    mu (src/Data/Profunctor/Monoid.hs:15)
  50% (  3 /  6) in 'Data.Profunctor.Ran'
  Missing documentation for:
    precomposeRan (src/Data/Profunctor/Ran.hs:73)
    curryRan (src/Data/Profunctor/Ran.hs:77)
    uncurryRan (src/Data/Profunctor/Ran.hs:81)
  89% (  8 /  9) in 'Data.Profunctor.Tambara'
  Missing documentation for:
    Tambara (src/Data/Profunctor/Tambara.hs:42)
Warning: Data.Profunctor.Rep: could not find link destinations for:
    Iso
Warning: Data.Profunctor.Composition: could not find link destinations for:
    Iso
Documentation created:
dist/dist-sandbox-5bf6cc0d/doc/html/profunctors/index.html
Creating package registration file:
/var/folders/jv/m80d3qfn5tz4qyfrtyq42kc00000gn/T/pkgConf-profunctors-5.11586983133678620591.1
Installing library in
/Users/katsuya/study/Haskell/First/.cabal-sandbox/lib/x86_64-osx-ghc-7.10.2/profunctors-5.1.1-95doiN5VcG2BdEQfqjOmyb
Registering profunctors-5.1.1...
