[1 of 1] Compiling Main             ( /var/folders/jv/m80d3qfn5tz4qyfrtyq42kc00000gn/T/cabal-tmp-1150/semigroupoids-5.0.0.4/dist/dist-sandbox-5bf6cc0d/setup/setup.hs, /var/folders/jv/m80d3qfn5tz4qyfrtyq42kc00000gn/T/cabal-tmp-1150/semigroupoids-5.0.0.4/dist/dist-sandbox-5bf6cc0d/setup/Main.o )
Linking /var/folders/jv/m80d3qfn5tz4qyfrtyq42kc00000gn/T/cabal-tmp-1150/semigroupoids-5.0.0.4/dist/dist-sandbox-5bf6cc0d/setup/setup ...
Configuring semigroupoids-5.0.0.4...
Building semigroupoids-5.0.0.4...
Preprocessing library semigroupoids-5.0.0.4...
[ 1 of 21] Compiling Data.Traversable.Instances ( src/Data/Traversable/Instances.hs, dist/dist-sandbox-5bf6cc0d/build/Data/Traversable/Instances.o )
[ 2 of 21] Compiling Data.Semigroup.Foldable.Class ( src/Data/Semigroup/Foldable/Class.hs, dist/dist-sandbox-5bf6cc0d/build/Data/Semigroup/Foldable/Class.o )
[ 3 of 21] Compiling Data.Functor.Extend ( src/Data/Functor/Extend.hs, dist/dist-sandbox-5bf6cc0d/build/Data/Functor/Extend.o )
[ 4 of 21] Compiling Data.Functor.Bind.Class ( src/Data/Functor/Bind/Class.hs, dist/dist-sandbox-5bf6cc0d/build/Data/Functor/Bind/Class.o )
[ 5 of 21] Compiling Data.Functor.Apply ( src/Data/Functor/Apply.hs, dist/dist-sandbox-5bf6cc0d/build/Data/Functor/Apply.o )
[ 6 of 21] Compiling Data.Semigroup.Bifoldable ( src/Data/Semigroup/Bifoldable.hs, dist/dist-sandbox-5bf6cc0d/build/Data/Semigroup/Bifoldable.o )
[ 7 of 21] Compiling Data.Functor.Bind ( src/Data/Functor/Bind.hs, dist/dist-sandbox-5bf6cc0d/build/Data/Functor/Bind.o )
[ 8 of 21] Compiling Data.Functor.Alt ( src/Data/Functor/Alt.hs, dist/dist-sandbox-5bf6cc0d/build/Data/Functor/Alt.o )
[ 9 of 21] Compiling Data.Semigroup.Foldable ( src/Data/Semigroup/Foldable.hs, dist/dist-sandbox-5bf6cc0d/build/Data/Semigroup/Foldable.o )
[10 of 21] Compiling Data.Semigroup.Traversable.Class ( src/Data/Semigroup/Traversable/Class.hs, dist/dist-sandbox-5bf6cc0d/build/Data/Semigroup/Traversable/Class.o )
[11 of 21] Compiling Data.Semigroup.Bitraversable ( src/Data/Semigroup/Bitraversable.hs, dist/dist-sandbox-5bf6cc0d/build/Data/Semigroup/Bitraversable.o )
[12 of 21] Compiling Data.Semigroup.Traversable ( src/Data/Semigroup/Traversable.hs, dist/dist-sandbox-5bf6cc0d/build/Data/Semigroup/Traversable.o )
[13 of 21] Compiling Data.Functor.Bind.Trans ( src/Data/Functor/Bind/Trans.hs, dist/dist-sandbox-5bf6cc0d/build/Data/Functor/Bind/Trans.o )
[14 of 21] Compiling Data.Functor.Plus ( src/Data/Functor/Plus.hs, dist/dist-sandbox-5bf6cc0d/build/Data/Functor/Plus.o )
[15 of 21] Compiling Data.Semigroupoid ( src/Data/Semigroupoid.hs, dist/dist-sandbox-5bf6cc0d/build/Data/Semigroupoid.o )
[16 of 21] Compiling Data.Semigroupoid.Dual ( src/Data/Semigroupoid/Dual.hs, dist/dist-sandbox-5bf6cc0d/build/Data/Semigroupoid/Dual.o )
[17 of 21] Compiling Data.Groupoid    ( src/Data/Groupoid.hs, dist/dist-sandbox-5bf6cc0d/build/Data/Groupoid.o )
[18 of 21] Compiling Data.Isomorphism ( src/Data/Isomorphism.hs, dist/dist-sandbox-5bf6cc0d/build/Data/Isomorphism.o )
[19 of 21] Compiling Data.Semigroupoid.Static ( src/Data/Semigroupoid/Static.hs, dist/dist-sandbox-5bf6cc0d/build/Data/Semigroupoid/Static.o )
[20 of 21] Compiling Data.Semigroupoid.Ob ( src/Data/Semigroupoid/Ob.hs, dist/dist-sandbox-5bf6cc0d/build/Data/Semigroupoid/Ob.o )
[21 of 21] Compiling Data.Bifunctor.Apply ( src/Data/Bifunctor/Apply.hs, dist/dist-sandbox-5bf6cc0d/build/Data/Bifunctor/Apply.o )
[ 1 of 21] Compiling Data.Traversable.Instances ( src/Data/Traversable/Instances.hs, dist/dist-sandbox-5bf6cc0d/build/Data/Traversable/Instances.p_o )
[ 2 of 21] Compiling Data.Semigroup.Foldable.Class ( src/Data/Semigroup/Foldable/Class.hs, dist/dist-sandbox-5bf6cc0d/build/Data/Semigroup/Foldable/Class.p_o )
[ 3 of 21] Compiling Data.Functor.Extend ( src/Data/Functor/Extend.hs, dist/dist-sandbox-5bf6cc0d/build/Data/Functor/Extend.p_o )
[ 4 of 21] Compiling Data.Functor.Bind.Class ( src/Data/Functor/Bind/Class.hs, dist/dist-sandbox-5bf6cc0d/build/Data/Functor/Bind/Class.p_o )
[ 5 of 21] Compiling Data.Functor.Apply ( src/Data/Functor/Apply.hs, dist/dist-sandbox-5bf6cc0d/build/Data/Functor/Apply.p_o )
[ 6 of 21] Compiling Data.Semigroup.Bifoldable ( src/Data/Semigroup/Bifoldable.hs, dist/dist-sandbox-5bf6cc0d/build/Data/Semigroup/Bifoldable.p_o )
[ 7 of 21] Compiling Data.Functor.Bind ( src/Data/Functor/Bind.hs, dist/dist-sandbox-5bf6cc0d/build/Data/Functor/Bind.p_o )
[ 8 of 21] Compiling Data.Functor.Alt ( src/Data/Functor/Alt.hs, dist/dist-sandbox-5bf6cc0d/build/Data/Functor/Alt.p_o )
[ 9 of 21] Compiling Data.Semigroup.Foldable ( src/Data/Semigroup/Foldable.hs, dist/dist-sandbox-5bf6cc0d/build/Data/Semigroup/Foldable.p_o )
[10 of 21] Compiling Data.Semigroup.Traversable.Class ( src/Data/Semigroup/Traversable/Class.hs, dist/dist-sandbox-5bf6cc0d/build/Data/Semigroup/Traversable/Class.p_o )
[11 of 21] Compiling Data.Semigroup.Bitraversable ( src/Data/Semigroup/Bitraversable.hs, dist/dist-sandbox-5bf6cc0d/build/Data/Semigroup/Bitraversable.p_o )
[12 of 21] Compiling Data.Semigroup.Traversable ( src/Data/Semigroup/Traversable.hs, dist/dist-sandbox-5bf6cc0d/build/Data/Semigroup/Traversable.p_o )
[13 of 21] Compiling Data.Functor.Bind.Trans ( src/Data/Functor/Bind/Trans.hs, dist/dist-sandbox-5bf6cc0d/build/Data/Functor/Bind/Trans.p_o )
[14 of 21] Compiling Data.Functor.Plus ( src/Data/Functor/Plus.hs, dist/dist-sandbox-5bf6cc0d/build/Data/Functor/Plus.p_o )
[15 of 21] Compiling Data.Semigroupoid ( src/Data/Semigroupoid.hs, dist/dist-sandbox-5bf6cc0d/build/Data/Semigroupoid.p_o )
[16 of 21] Compiling Data.Semigroupoid.Dual ( src/Data/Semigroupoid/Dual.hs, dist/dist-sandbox-5bf6cc0d/build/Data/Semigroupoid/Dual.p_o )
[17 of 21] Compiling Data.Groupoid    ( src/Data/Groupoid.hs, dist/dist-sandbox-5bf6cc0d/build/Data/Groupoid.p_o )
[18 of 21] Compiling Data.Isomorphism ( src/Data/Isomorphism.hs, dist/dist-sandbox-5bf6cc0d/build/Data/Isomorphism.p_o )
[19 of 21] Compiling Data.Semigroupoid.Static ( src/Data/Semigroupoid/Static.hs, dist/dist-sandbox-5bf6cc0d/build/Data/Semigroupoid/Static.p_o )
[20 of 21] Compiling Data.Semigroupoid.Ob ( src/Data/Semigroupoid/Ob.hs, dist/dist-sandbox-5bf6cc0d/build/Data/Semigroupoid/Ob.p_o )
[21 of 21] Compiling Data.Bifunctor.Apply ( src/Data/Bifunctor/Apply.hs, dist/dist-sandbox-5bf6cc0d/build/Data/Bifunctor/Apply.p_o )
In-place registering semigroupoids-5.0.0.4...
Running Haddock for semigroupoids-5.0.0.4...
Preprocessing library semigroupoids-5.0.0.4...
Warning: The documentation for the following packages are not installed. No
links will be generated to these packages: nats-1
Haddock coverage:
 100% (  1 /  1) in 'Data.Traversable.Instances'
  33% (  1 /  3) in 'Data.Semigroup.Foldable.Class'
  Missing documentation for:
    Foldable1 (src/Data/Semigroup/Foldable/Class.hs:57)
    Bifoldable1 (src/Data/Semigroup/Foldable/Class.hs:64)
  75% (  3 /  4) in 'Data.Functor.Extend'
  Missing documentation for:
    Extend (src/Data/Functor/Extend.hs:45)
  75% (  9 / 12) in 'Data.Functor.Bind.Class'
  Missing documentation for:
    apDefault (src/Data/Functor/Bind/Class.hs:399)
    returning (src/Data/Functor/Bind/Class.hs:396)
    Biapply (src/Data/Functor/Bind/Class.hs:524)
 100% ( 13 / 13) in 'Data.Functor.Apply'
  33% (  2 /  6) in 'Data.Semigroup.Bifoldable'
  Missing documentation for:
    Bifoldable1 (src/Data/Semigroup/Foldable/Class.hs:64)
    bitraverse1_ (src/Data/Semigroup/Bifoldable.hs:39)
    bifor1_ (src/Data/Semigroup/Bifoldable.hs:43)
    bisequenceA1_ (src/Data/Semigroup/Bifoldable.hs:51)
  75% ( 15 / 20) in 'Data.Functor.Bind'
  Missing documentation for:
    -<< (src/Data/Functor/Bind.hs:49)
    -<- (src/Data/Functor/Bind.hs:55)
    ->- (src/Data/Functor/Bind.hs:52)
    apDefault (src/Data/Functor/Bind/Class.hs:399)
    returning (src/Data/Functor/Bind/Class.hs:396)
 100% (  3 /  3) in 'Data.Functor.Alt'
  44% (  4 /  9) in 'Data.Semigroup.Foldable'
  Missing documentation for:
    Foldable1 (src/Data/Semigroup/Foldable/Class.hs:57)
    traverse1_ (src/Data/Semigroup/Foldable.hs:73)
    for1_ (src/Data/Semigroup/Foldable.hs:77)
    sequenceA1_ (src/Data/Semigroup/Foldable.hs:81)
    asum1 (src/Data/Semigroup/Foldable.hs:99)
  33% (  1 /  3) in 'Data.Semigroup.Traversable.Class'
  Missing documentation for:
    Bitraversable1 (src/Data/Semigroup/Traversable/Class.hs:56)
    Traversable1 (src/Data/Semigroup/Traversable/Class.hs:137)
  33% (  1 /  3) in 'Data.Semigroup.Bitraversable'
  Missing documentation for:
    Bitraversable1 (src/Data/Semigroup/Traversable/Class.hs:56)
    bifoldMap1Default (src/Data/Semigroup/Bitraversable.hs:21)
  33% (  1 /  3) in 'Data.Semigroup.Traversable'
  Missing documentation for:
    Traversable1 (src/Data/Semigroup/Traversable/Class.hs:137)
    foldMap1Default (src/Data/Semigroup/Traversable.hs:20)
 100% (  2 /  2) in 'Data.Functor.Bind.Trans'
 100% (  3 /  3) in 'Data.Functor.Plus'
  50% (  2 /  4) in 'Data.Semigroupoid'
  Missing documentation for:
    WrappedCategory (src/Data/Semigroupoid.hs:69)
    Semi (src/Data/Semigroupoid.hs:78)
  50% (  1 /  2) in 'Data.Semigroupoid.Dual'
  Missing documentation for:
    Dual (src/Data/Semigroupoid/Dual.hs:23)
 100% (  2 /  2) in 'Data.Groupoid'
  50% (  1 /  2) in 'Data.Isomorphism'
  Missing documentation for:
    Iso (src/Data/Isomorphism.hs:25)
  50% (  1 /  2) in 'Data.Semigroupoid.Static'
  Missing documentation for:
    Static (src/Data/Semigroupoid/Static.hs:44)
  20% (  1 /  5) in 'Data.Semigroupoid.Ob'
  Missing documentation for:
    Ob (src/Data/Semigroupoid/Ob.hs:30)
     (src/Data/Semigroupoid/Ob.hs:33)
     (src/Data/Semigroupoid/Ob.hs:37)
     (src/Data/Semigroupoid/Ob.hs:41)
  62% (  5 /  8) in 'Data.Bifunctor.Apply'
  Missing documentation for:
    Biapply (src/Data/Functor/Bind/Class.hs:524)
    <<$>>
    <<..>> (src/Data/Bifunctor/Apply.hs:27)
Warning: Data.Functor.Apply: could not find link destinations for:
    Id Id Put Digit Node Elem FingerTree StateL StateR StateL StateR State
Warning: Data.Functor.Bind: could not find link destinations for:
    Id Id Put Digit Node Elem FingerTree StateL StateR StateL StateR State
Documentation created:
dist/dist-sandbox-5bf6cc0d/doc/html/semigroupoids/index.html
Creating package registration file:
/var/folders/jv/m80d3qfn5tz4qyfrtyq42kc00000gn/T/pkgConf-semigroupoids-5.0.017464748191195795737.4
Installing library in
/Users/katsuya/study/Haskell/First/.cabal-sandbox/lib/x86_64-osx-ghc-7.10.2/semigroupoids-5.0.0.4-DkiLchWHgdt3v8aHOn4GmI
Registering semigroupoids-5.0.0.4...
