Configuring tagged-0.8.1...
Building tagged-0.8.1...
Preprocessing library tagged-0.8.1...
[1 of 2] Compiling Data.Proxy.TH    ( src/Data/Proxy/TH.hs, dist/dist-sandbox-5bf6cc0d/build/Data/Proxy/TH.o )
[2 of 2] Compiling Data.Tagged      ( src/Data/Tagged.hs, dist/dist-sandbox-5bf6cc0d/build/Data/Tagged.o )
[1 of 2] Compiling Data.Proxy.TH    ( src/Data/Proxy/TH.hs, dist/dist-sandbox-5bf6cc0d/build/Data/Proxy/TH.p_o )
[2 of 2] Compiling Data.Tagged      ( src/Data/Tagged.hs, dist/dist-sandbox-5bf6cc0d/build/Data/Tagged.p_o )
In-place registering tagged-0.8.1...
Running Haddock for tagged-0.8.1...
Preprocessing library tagged-0.8.1...
Haddock coverage:
  67% (  2 /  3) in 'Data.Proxy.TH'
  Missing documentation for:
    Module header
  93% ( 14 / 15) in 'Data.Tagged'
  Missing documentation for:
    witness (src/Data/Tagged.hs:297)
Documentation created: dist/dist-sandbox-5bf6cc0d/doc/html/tagged/index.html
Creating package registration file:
/var/folders/jv/m80d3qfn5tz4qyfrtyq42kc00000gn/T/pkgConf-tagged-0.8915896220304987844.1
Installing library in
/Users/katsuya/study/Haskell/First/.cabal-sandbox/lib/x86_64-osx-ghc-7.10.2/tagged-0.8.1-6Tf46oJAk552xT73wGffBW
Registering tagged-0.8.1...
