Configuring transformers-base-0.4.4...
Building transformers-base-0.4.4...
Preprocessing library transformers-base-0.4.4...
[1 of 1] Compiling Control.Monad.Base ( src/Control/Monad/Base.hs, dist/dist-sandbox-5bf6cc0d/build/Control/Monad/Base.o )

src/Control/Monad/Base.hs:22:1: Warning:
    The import of ‘Data.Monoid’ is redundant
      except perhaps to import instances from ‘Data.Monoid’
    To import instances alone, use: import Data.Monoid()

src/Control/Monad/Base.hs:24:1: Warning:
    The import of ‘Control.Applicative’ is redundant
      except perhaps to import instances from ‘Control.Applicative’
    To import instances alone, use: import Control.Applicative()
[1 of 1] Compiling Control.Monad.Base ( src/Control/Monad/Base.hs, dist/dist-sandbox-5bf6cc0d/build/Control/Monad/Base.p_o )

src/Control/Monad/Base.hs:22:1: Warning:
    The import of ‘Data.Monoid’ is redundant
      except perhaps to import instances from ‘Data.Monoid’
    To import instances alone, use: import Data.Monoid()

src/Control/Monad/Base.hs:24:1: Warning:
    The import of ‘Control.Applicative’ is redundant
      except perhaps to import instances from ‘Control.Applicative’
    To import instances alone, use: import Control.Applicative()
In-place registering transformers-base-0.4.4...
Running Haddock for transformers-base-0.4.4...
Preprocessing library transformers-base-0.4.4...

src/Control/Monad/Base.hs:22:1: Warning:
    The import of ‘Data.Monoid’ is redundant
      except perhaps to import instances from ‘Data.Monoid’
    To import instances alone, use: import Data.Monoid()

src/Control/Monad/Base.hs:24:1: Warning:
    The import of ‘Control.Applicative’ is redundant
      except perhaps to import instances from ‘Control.Applicative’
    To import instances alone, use: import Control.Applicative()
Haddock coverage:
  33% (  1 /  3) in 'Control.Monad.Base'
  Missing documentation for:
    Module header
    MonadBase (src/Control/Monad/Base.hs:50)
Documentation created:
dist/dist-sandbox-5bf6cc0d/doc/html/transformers-base/index.html
Creating package registration file:
/var/folders/jv/m80d3qfn5tz4qyfrtyq42kc00000gn/T/pkgConf-transformers-base-0.4152607844784559590.4
Installing library in
/Users/katsuya/study/Haskell/First/.cabal-sandbox/lib/x86_64-osx-ghc-7.10.2/transformers-base-0.4.4-88TAFm21vtn2NrYUppy50c
Registering transformers-base-0.4.4...
